{"/Users/solondas/Desktop/Projects/unified-draw/src/ShapeRenderer.tsx": {"path":"/Users/solondas/Desktop/Projects/unified-draw/src/ShapeRenderer.tsx","statementMap":{"0":{"start":{"line":32,"column":2},"end":{"line":32,"column":null}},"1":{"start":{"line":36,"column":2},"end":{"line":36,"column":null}},"2":{"start":{"line":40,"column":15},"end":{"line":40,"column":null}},"3":{"start":{"line":41,"column":2},"end":{"line":41,"column":null}},"4":{"start":{"line":45,"column":16},"end":{"line":45,"column":null}},"5":{"start":{"line":46,"column":2},"end":{"line":46,"column":null}},"6":{"start":{"line":51,"column":12},"end":{"line":51,"column":null}},"7":{"start":{"line":52,"column":2},"end":{"line":57,"column":null}},"8":{"start":{"line":63,"column":2},"end":{"line":65,"column":null}},"9":{"start":{"line":71,"column":12},"end":{"line":71,"column":null}},"10":{"start":{"line":72,"column":16},"end":{"line":72,"column":null}},"11":{"start":{"line":73,"column":16},"end":{"line":73,"column":null}},"12":{"start":{"line":74,"column":2},"end":{"line":85,"column":null}},"13":{"start":{"line":91,"column":13},"end":{"line":91,"column":null}},"14":{"start":{"line":92,"column":2},"end":{"line":92,"column":null}},"15":{"start":{"line":94,"column":2},"end":{"line":94,"column":null}},"16":{"start":{"line":95,"column":2},"end":{"line":95,"column":null}},"17":{"start":{"line":97,"column":2},"end":{"line":97,"column":null}},"18":{"start":{"line":98,"column":2},"end":{"line":98,"column":null}},"19":{"start":{"line":99,"column":2},"end":{"line":99,"column":null}},"20":{"start":{"line":100,"column":2},"end":{"line":100,"column":null}},"21":{"start":{"line":101,"column":2},"end":{"line":101,"column":null}},"22":{"start":{"line":102,"column":2},"end":{"line":102,"column":null}},"23":{"start":{"line":103,"column":2},"end":{"line":103,"column":null}},"24":{"start":{"line":104,"column":2},"end":{"line":104,"column":null}},"25":{"start":{"line":109,"column":2},"end":{"line":113,"column":null}},"26":{"start":{"line":119,"column":15},"end":{"line":119,"column":null}},"27":{"start":{"line":120,"column":2},"end":{"line":120,"column":null}},"28":{"start":{"line":125,"column":15},"end":{"line":125,"column":null}},"29":{"start":{"line":126,"column":2},"end":{"line":126,"column":null}},"30":{"start":{"line":131,"column":2},"end":{"line":131,"column":null}},"31":{"start":{"line":136,"column":12},"end":{"line":136,"column":null}},"32":{"start":{"line":137,"column":2},"end":{"line":137,"column":null}},"33":{"start":{"line":142,"column":12},"end":{"line":142,"column":null}},"34":{"start":{"line":143,"column":2},"end":{"line":143,"column":null}},"35":{"start":{"line":148,"column":12},"end":{"line":148,"column":null}},"36":{"start":{"line":149,"column":2},"end":{"line":149,"column":null}},"37":{"start":{"line":154,"column":12},"end":{"line":154,"column":null}},"38":{"start":{"line":155,"column":2},"end":{"line":155,"column":null}},"39":{"start":{"line":160,"column":2},"end":{"line":160,"column":null}},"40":{"start":{"line":165,"column":13},"end":{"line":165,"column":null}},"41":{"start":{"line":166,"column":2},"end":{"line":166,"column":null}},"42":{"start":{"line":171,"column":17},"end":{"line":171,"column":null}},"43":{"start":{"line":172,"column":2},"end":{"line":172,"column":null}},"44":{"start":{"line":177,"column":16},"end":{"line":177,"column":null}},"45":{"start":{"line":178,"column":2},"end":{"line":178,"column":null}},"46":{"start":{"line":183,"column":15},"end":{"line":183,"column":null}},"47":{"start":{"line":184,"column":2},"end":{"line":184,"column":null}},"48":{"start":{"line":189,"column":12},"end":{"line":189,"column":null}},"49":{"start":{"line":190,"column":2},"end":{"line":190,"column":null}},"50":{"start":{"line":195,"column":13},"end":{"line":195,"column":null}},"51":{"start":{"line":196,"column":13},"end":{"line":196,"column":null}},"52":{"start":{"line":197,"column":12},"end":{"line":197,"column":null}},"53":{"start":{"line":198,"column":2},"end":{"line":198,"column":null}},"54":{"start":{"line":203,"column":13},"end":{"line":203,"column":null}},"55":{"start":{"line":204,"column":13},"end":{"line":204,"column":null}},"56":{"start":{"line":205,"column":12},"end":{"line":205,"column":null}},"57":{"start":{"line":206,"column":12},"end":{"line":206,"column":null}},"58":{"start":{"line":207,"column":2},"end":{"line":207,"column":null}},"59":{"start":{"line":212,"column":12},"end":{"line":212,"column":null}},"60":{"start":{"line":213,"column":2},"end":{"line":213,"column":null}},"61":{"start":{"line":217,"column":15},"end":{"line":217,"column":null}},"62":{"start":{"line":218,"column":2},"end":{"line":218,"column":null}},"63":{"start":{"line":222,"column":12},"end":{"line":222,"column":null}},"64":{"start":{"line":223,"column":2},"end":{"line":223,"column":null}},"65":{"start":{"line":227,"column":2},"end":{"line":227,"column":null}},"66":{"start":{"line":231,"column":15},"end":{"line":231,"column":null}},"67":{"start":{"line":232,"column":14},"end":{"line":232,"column":null}},"68":{"start":{"line":233,"column":2},"end":{"line":233,"column":null}},"69":{"start":{"line":237,"column":13},"end":{"line":237,"column":null}},"70":{"start":{"line":238,"column":13},"end":{"line":238,"column":null}},"71":{"start":{"line":239,"column":12},"end":{"line":239,"column":null}},"72":{"start":{"line":240,"column":2},"end":{"line":240,"column":null}},"73":{"start":{"line":244,"column":12},"end":{"line":244,"column":null}},"74":{"start":{"line":245,"column":2},"end":{"line":245,"column":null}},"75":{"start":{"line":249,"column":2},"end":{"line":249,"column":null}},"76":{"start":{"line":253,"column":2},"end":{"line":253,"column":null}},"77":{"start":{"line":257,"column":13},"end":{"line":257,"column":null}},"78":{"start":{"line":258,"column":13},"end":{"line":258,"column":null}},"79":{"start":{"line":259,"column":12},"end":{"line":259,"column":null}},"80":{"start":{"line":260,"column":16},"end":{"line":260,"column":null}},"81":{"start":{"line":261,"column":13},"end":{"line":261,"column":null}},"82":{"start":{"line":262,"column":2},"end":{"line":272,"column":null}},"83":{"start":{"line":262,"column":15},"end":{"line":262,"column":18}},"84":{"start":{"line":263,"column":16},"end":{"line":263,"column":null}},"85":{"start":{"line":264,"column":10},"end":{"line":264,"column":null}},"86":{"start":{"line":265,"column":10},"end":{"line":265,"column":null}},"87":{"start":{"line":266,"column":15},"end":{"line":266,"column":null}},"88":{"start":{"line":267,"column":15},"end":{"line":267,"column":null}},"89":{"start":{"line":268,"column":4},"end":{"line":268,"column":null}},"90":{"start":{"line":268,"column":17},"end":{"line":268,"column":null}},"91":{"start":{"line":269,"column":4},"end":{"line":269,"column":null}},"92":{"start":{"line":270,"column":4},"end":{"line":270,"column":null}},"93":{"start":{"line":271,"column":4},"end":{"line":271,"column":null}},"94":{"start":{"line":273,"column":2},"end":{"line":273,"column":null}},"95":{"start":{"line":274,"column":2},"end":{"line":274,"column":null}},"96":{"start":{"line":278,"column":2},"end":{"line":278,"column":null}},"97":{"start":{"line":282,"column":13},"end":{"line":282,"column":null}},"98":{"start":{"line":283,"column":13},"end":{"line":283,"column":null}},"99":{"start":{"line":284,"column":12},"end":{"line":284,"column":null}},"100":{"start":{"line":285,"column":2},"end":{"line":285,"column":null}},"101":{"start":{"line":289,"column":2},"end":{"line":289,"column":null}},"102":{"start":{"line":293,"column":2},"end":{"line":293,"column":null}},"103":{"start":{"line":297,"column":12},"end":{"line":297,"column":null}},"104":{"start":{"line":298,"column":13},"end":{"line":298,"column":null}},"105":{"start":{"line":299,"column":13},"end":{"line":299,"column":null}},"106":{"start":{"line":300,"column":2},"end":{"line":300,"column":null}},"107":{"start":{"line":304,"column":2},"end":{"line":304,"column":null}},"108":{"start":{"line":308,"column":2},"end":{"line":308,"column":null}},"109":{"start":{"line":312,"column":13},"end":{"line":312,"column":null}},"110":{"start":{"line":313,"column":13},"end":{"line":313,"column":null}},"111":{"start":{"line":314,"column":12},"end":{"line":314,"column":null}},"112":{"start":{"line":315,"column":2},"end":{"line":315,"column":null}},"113":{"start":{"line":319,"column":2},"end":{"line":319,"column":null}},"114":{"start":{"line":323,"column":2},"end":{"line":323,"column":null}},"115":{"start":{"line":327,"column":15},"end":{"line":327,"column":null}},"116":{"start":{"line":328,"column":2},"end":{"line":328,"column":null}},"117":{"start":{"line":332,"column":2},"end":{"line":332,"column":null}},"118":{"start":{"line":336,"column":2},"end":{"line":336,"column":null}},"119":{"start":{"line":340,"column":2},"end":{"line":340,"column":null}},"120":{"start":{"line":344,"column":2},"end":{"line":344,"column":null}},"121":{"start":{"line":348,"column":12},"end":{"line":348,"column":null}},"122":{"start":{"line":349,"column":2},"end":{"line":349,"column":null}},"123":{"start":{"line":353,"column":12},"end":{"line":353,"column":null}},"124":{"start":{"line":354,"column":2},"end":{"line":354,"column":null}},"125":{"start":{"line":358,"column":2},"end":{"line":358,"column":null}},"126":{"start":{"line":362,"column":2},"end":{"line":362,"column":null}},"127":{"start":{"line":366,"column":2},"end":{"line":366,"column":null}},"128":{"start":{"line":370,"column":2},"end":{"line":370,"column":null}},"129":{"start":{"line":374,"column":2},"end":{"line":374,"column":null}},"130":{"start":{"line":378,"column":2},"end":{"line":378,"column":null}},"131":{"start":{"line":382,"column":2},"end":{"line":382,"column":null}},"132":{"start":{"line":386,"column":2},"end":{"line":386,"column":null}},"133":{"start":{"line":390,"column":2},"end":{"line":390,"column":null}},"134":{"start":{"line":394,"column":13},"end":{"line":394,"column":null}},"135":{"start":{"line":395,"column":13},"end":{"line":395,"column":null}},"136":{"start":{"line":396,"column":12},"end":{"line":396,"column":null}},"137":{"start":{"line":397,"column":2},"end":{"line":397,"column":null}},"138":{"start":{"line":401,"column":2},"end":{"line":401,"column":null}},"139":{"start":{"line":405,"column":2},"end":{"line":405,"column":null}},"140":{"start":{"line":409,"column":13},"end":{"line":409,"column":null}},"141":{"start":{"line":410,"column":13},"end":{"line":410,"column":null}},"142":{"start":{"line":411,"column":12},"end":{"line":411,"column":null}},"143":{"start":{"line":412,"column":2},"end":{"line":412,"column":null}},"144":{"start":{"line":416,"column":2},"end":{"line":416,"column":null}},"145":{"start":{"line":420,"column":2},"end":{"line":420,"column":null}},"146":{"start":{"line":424,"column":13},"end":{"line":424,"column":null}},"147":{"start":{"line":425,"column":13},"end":{"line":425,"column":null}},"148":{"start":{"line":426,"column":2},"end":{"line":426,"column":null}},"149":{"start":{"line":430,"column":2},"end":{"line":430,"column":null}},"150":{"start":{"line":434,"column":2},"end":{"line":434,"column":null}},"151":{"start":{"line":438,"column":13},"end":{"line":438,"column":null}},"152":{"start":{"line":439,"column":13},"end":{"line":439,"column":null}},"153":{"start":{"line":440,"column":12},"end":{"line":440,"column":null}},"154":{"start":{"line":441,"column":2},"end":{"line":441,"column":null}},"155":{"start":{"line":445,"column":13},"end":{"line":445,"column":null}},"156":{"start":{"line":446,"column":13},"end":{"line":446,"column":null}},"157":{"start":{"line":447,"column":12},"end":{"line":447,"column":null}},"158":{"start":{"line":448,"column":2},"end":{"line":448,"column":null}},"159":{"start":{"line":452,"column":13},"end":{"line":452,"column":null}},"160":{"start":{"line":453,"column":12},"end":{"line":453,"column":null}},"161":{"start":{"line":454,"column":2},"end":{"line":454,"column":null}},"162":{"start":{"line":458,"column":2},"end":{"line":458,"column":null}},"163":{"start":{"line":462,"column":12},"end":{"line":462,"column":null}},"164":{"start":{"line":463,"column":2},"end":{"line":463,"column":null}},"165":{"start":{"line":467,"column":2},"end":{"line":467,"column":null}},"166":{"start":{"line":471,"column":2},"end":{"line":471,"column":null}},"167":{"start":{"line":475,"column":12},"end":{"line":475,"column":null}},"168":{"start":{"line":476,"column":2},"end":{"line":476,"column":null}},"169":{"start":{"line":480,"column":12},"end":{"line":480,"column":null}},"170":{"start":{"line":481,"column":2},"end":{"line":481,"column":null}},"171":{"start":{"line":485,"column":12},"end":{"line":485,"column":null}},"172":{"start":{"line":486,"column":2},"end":{"line":486,"column":null}},"173":{"start":{"line":490,"column":13},"end":{"line":490,"column":null}},"174":{"start":{"line":491,"column":13},"end":{"line":491,"column":null}},"175":{"start":{"line":492,"column":2},"end":{"line":492,"column":null}},"176":{"start":{"line":496,"column":13},"end":{"line":496,"column":null}},"177":{"start":{"line":497,"column":13},"end":{"line":497,"column":null}},"178":{"start":{"line":498,"column":12},"end":{"line":498,"column":null}},"179":{"start":{"line":499,"column":2},"end":{"line":499,"column":null}},"180":{"start":{"line":503,"column":2},"end":{"line":503,"column":null}},"181":{"start":{"line":507,"column":13},"end":{"line":507,"column":null}},"182":{"start":{"line":508,"column":13},"end":{"line":508,"column":null}},"183":{"start":{"line":509,"column":12},"end":{"line":509,"column":null}},"184":{"start":{"line":510,"column":2},"end":{"line":510,"column":null}},"185":{"start":{"line":514,"column":2},"end":{"line":514,"column":null}},"186":{"start":{"line":518,"column":82},"end":{"line":598,"column":null}},"187":{"start":{"line":619,"column":13},"end":{"line":1033,"column":null}},"188":{"start":{"line":641,"column":6},"end":{"line":641,"column":null}},"189":{"start":{"line":643,"column":16},"end":{"line":643,"column":null}},"190":{"start":{"line":643,"column":32},"end":{"line":643,"column":39}},"191":{"start":{"line":644,"column":17},"end":{"line":644,"column":null}},"192":{"start":{"line":645,"column":24},"end":{"line":645,"column":null}},"193":{"start":{"line":647,"column":22},"end":{"line":653,"column":null}},"194":{"start":{"line":656,"column":8},"end":{"line":987,"column":null}},"195":{"start":{"line":657,"column":4},"end":{"line":657,"column":null}},"196":{"start":{"line":657,"column":20},"end":{"line":657,"column":null}},"197":{"start":{"line":660,"column":19},"end":{"line":660,"column":null}},"198":{"start":{"line":661,"column":4},"end":{"line":680,"column":null}},"199":{"start":{"line":662,"column":25},"end":{"line":662,"column":null}},"200":{"start":{"line":663,"column":6},"end":{"line":673,"column":null}},"201":{"start":{"line":664,"column":8},"end":{"line":671,"column":null}},"202":{"start":{"line":667,"column":24},"end":{"line":667,"column":null}},"203":{"start":{"line":667,"column":57},"end":{"line":667,"column":130}},"204":{"start":{"line":668,"column":14},"end":{"line":668,"column":null}},"205":{"start":{"line":668,"column":21},"end":{"line":668,"column":null}},"206":{"start":{"line":674,"column":6},"end":{"line":678,"column":null}},"207":{"start":{"line":682,"column":4},"end":{"line":986,"column":null}},"208":{"start":{"line":684,"column":8},"end":{"line":694,"column":null}},"209":{"start":{"line":685,"column":10},"end":{"line":692,"column":null}},"210":{"start":{"line":688,"column":26},"end":{"line":688,"column":null}},"211":{"start":{"line":688,"column":59},"end":{"line":688,"column":125}},"212":{"start":{"line":689,"column":16},"end":{"line":689,"column":null}},"213":{"start":{"line":689,"column":23},"end":{"line":689,"column":null}},"214":{"start":{"line":695,"column":8},"end":{"line":703,"column":null}},"215":{"start":{"line":707,"column":18},"end":{"line":707,"column":null}},"216":{"start":{"line":708,"column":8},"end":{"line":718,"column":null}},"217":{"start":{"line":709,"column":10},"end":{"line":716,"column":null}},"218":{"start":{"line":712,"column":26},"end":{"line":712,"column":null}},"219":{"start":{"line":712,"column":59},"end":{"line":712,"column":122}},"220":{"start":{"line":713,"column":16},"end":{"line":713,"column":null}},"221":{"start":{"line":713,"column":23},"end":{"line":713,"column":null}},"222":{"start":{"line":719,"column":8},"end":{"line":725,"column":null}},"223":{"start":{"line":730,"column":8},"end":{"line":740,"column":null}},"224":{"start":{"line":731,"column":10},"end":{"line":738,"column":null}},"225":{"start":{"line":734,"column":26},"end":{"line":734,"column":null}},"226":{"start":{"line":734,"column":59},"end":{"line":734,"column":123}},"227":{"start":{"line":735,"column":16},"end":{"line":735,"column":null}},"228":{"start":{"line":735,"column":23},"end":{"line":735,"column":null}},"229":{"start":{"line":741,"column":8},"end":{"line":748,"column":null}},"230":{"start":{"line":752,"column":20},"end":{"line":752,"column":null}},"231":{"start":{"line":753,"column":8},"end":{"line":763,"column":null}},"232":{"start":{"line":754,"column":10},"end":{"line":761,"column":null}},"233":{"start":{"line":757,"column":26},"end":{"line":757,"column":null}},"234":{"start":{"line":757,"column":59},"end":{"line":757,"column":188}},"235":{"start":{"line":758,"column":16},"end":{"line":758,"column":null}},"236":{"start":{"line":758,"column":23},"end":{"line":758,"column":null}},"237":{"start":{"line":764,"column":8},"end":{"line":769,"column":null}},"238":{"start":{"line":774,"column":20},"end":{"line":774,"column":null}},"239":{"start":{"line":775,"column":8},"end":{"line":785,"column":null}},"240":{"start":{"line":776,"column":10},"end":{"line":783,"column":null}},"241":{"start":{"line":779,"column":26},"end":{"line":779,"column":null}},"242":{"start":{"line":779,"column":59},"end":{"line":779,"column":170}},"243":{"start":{"line":780,"column":16},"end":{"line":780,"column":null}},"244":{"start":{"line":780,"column":23},"end":{"line":780,"column":null}},"245":{"start":{"line":786,"column":8},"end":{"line":791,"column":null}},"246":{"start":{"line":796,"column":8},"end":{"line":803,"column":null}},"247":{"start":{"line":807,"column":8},"end":{"line":814,"column":null}},"248":{"start":{"line":818,"column":8},"end":{"line":825,"column":null}},"249":{"start":{"line":829,"column":8},"end":{"line":837,"column":null}},"250":{"start":{"line":841,"column":20},"end":{"line":841,"column":null}},"251":{"start":{"line":842,"column":8},"end":{"line":852,"column":null}},"252":{"start":{"line":843,"column":10},"end":{"line":850,"column":null}},"253":{"start":{"line":846,"column":26},"end":{"line":846,"column":null}},"254":{"start":{"line":846,"column":59},"end":{"line":846,"column":188}},"255":{"start":{"line":847,"column":16},"end":{"line":847,"column":null}},"256":{"start":{"line":847,"column":23},"end":{"line":847,"column":null}},"257":{"start":{"line":853,"column":8},"end":{"line":858,"column":null}},"258":{"start":{"line":863,"column":20},"end":{"line":863,"column":null}},"259":{"start":{"line":864,"column":8},"end":{"line":874,"column":null}},"260":{"start":{"line":865,"column":10},"end":{"line":872,"column":null}},"261":{"start":{"line":868,"column":26},"end":{"line":868,"column":null}},"262":{"start":{"line":868,"column":59},"end":{"line":868,"column":188}},"263":{"start":{"line":869,"column":16},"end":{"line":869,"column":null}},"264":{"start":{"line":869,"column":23},"end":{"line":869,"column":null}},"265":{"start":{"line":875,"column":8},"end":{"line":880,"column":null}},"266":{"start":{"line":887,"column":8},"end":{"line":891,"column":null}},"267":{"start":{"line":889,"column":39},"end":{"line":889,"column":null}},"268":{"start":{"line":896,"column":8},"end":{"line":902,"column":null}},"269":{"start":{"line":906,"column":8},"end":{"line":912,"column":null}},"270":{"start":{"line":916,"column":8},"end":{"line":922,"column":null}},"271":{"start":{"line":926,"column":8},"end":{"line":932,"column":null}},"272":{"start":{"line":936,"column":8},"end":{"line":940,"column":null}},"273":{"start":{"line":945,"column":8},"end":{"line":953,"column":null}},"274":{"start":{"line":957,"column":8},"end":{"line":962,"column":null}},"275":{"start":{"line":966,"column":8},"end":{"line":971,"column":null}},"276":{"start":{"line":976,"column":8},"end":{"line":984,"column":null}},"277":{"start":{"line":990,"column":8},"end":{"line":1014,"column":null}},"278":{"start":{"line":991,"column":4},"end":{"line":991,"column":null}},"279":{"start":{"line":991,"column":23},"end":{"line":991,"column":null}},"280":{"start":{"line":992,"column":15},"end":{"line":992,"column":null}},"281":{"start":{"line":993,"column":17},"end":{"line":993,"column":null}},"282":{"start":{"line":994,"column":19},"end":{"line":994,"column":null}},"283":{"start":{"line":995,"column":25},"end":{"line":995,"column":null}},"284":{"start":{"line":996,"column":4},"end":{"line":1012,"column":null}},"285":{"start":{"line":1016,"column":2},"end":{"line":1031,"column":null}},"286":{"start":{"line":1027,"column":40},"end":{"line":1027,"column":null}},"287":{"start":{"line":1043,"column":13},"end":{"line":1085,"column":null}},"288":{"start":{"line":1048,"column":16},"end":{"line":1048,"column":null}},"289":{"start":{"line":1048,"column":32},"end":{"line":1048,"column":39}},"290":{"start":{"line":1049,"column":24},"end":{"line":1049,"column":null}},"291":{"start":{"line":1050,"column":2},"end":{"line":1050,"column":null}},"292":{"start":{"line":1050,"column":52},"end":{"line":1050,"column":null}},"293":{"start":{"line":1052,"column":2},"end":{"line":1064,"column":null}},"294":{"start":{"line":1053,"column":4},"end":{"line":1062,"column":null}},"295":{"start":{"line":1059,"column":42},"end":{"line":1059,"column":null}},"296":{"start":{"line":1067,"column":21},"end":{"line":1067,"column":null}},"297":{"start":{"line":1067,"column":51},"end":{"line":1067,"column":52}},"298":{"start":{"line":1068,"column":2},"end":{"line":1083,"column":null}},"299":{"start":{"line":1080,"column":40},"end":{"line":1080,"column":null}},"300":{"start":{"line":1095,"column":13},"end":{"line":1186,"column":null}},"301":{"start":{"line":1100,"column":16},"end":{"line":1100,"column":null}},"302":{"start":{"line":1100,"column":32},"end":{"line":1100,"column":39}},"303":{"start":{"line":1101,"column":19},"end":{"line":1101,"column":null}},"304":{"start":{"line":1101,"column":35},"end":{"line":1101,"column":45}},"305":{"start":{"line":1102,"column":24},"end":{"line":1102,"column":null}},"306":{"start":{"line":1104,"column":11},"end":{"line":1104,"column":null}},"307":{"start":{"line":1105,"column":11},"end":{"line":1105,"column":null}},"308":{"start":{"line":1107,"column":2},"end":{"line":1130,"column":null}},"309":{"start":{"line":1108,"column":18},"end":{"line":1108,"column":null}},"310":{"start":{"line":1108,"column":37},"end":{"line":1108,"column":73}},"311":{"start":{"line":1109,"column":18},"end":{"line":1109,"column":null}},"312":{"start":{"line":1109,"column":37},"end":{"line":1109,"column":73}},"313":{"start":{"line":1111,"column":4},"end":{"line":1115,"column":null}},"314":{"start":{"line":1112,"column":21},"end":{"line":1112,"column":null}},"315":{"start":{"line":1113,"column":19},"end":{"line":1113,"column":null}},"316":{"start":{"line":1114,"column":6},"end":{"line":1114,"column":null}},"317":{"start":{"line":1117,"column":4},"end":{"line":1124,"column":null}},"318":{"start":{"line":1118,"column":21},"end":{"line":1118,"column":null}},"319":{"start":{"line":1119,"column":19},"end":{"line":1119,"column":null}},"320":{"start":{"line":1120,"column":6},"end":{"line":1120,"column":null}},"321":{"start":{"line":1121,"column":11},"end":{"line":1124,"column":null}},"322":{"start":{"line":1123,"column":6},"end":{"line":1123,"column":null}},"323":{"start":{"line":1125,"column":9},"end":{"line":1130,"column":null}},"324":{"start":{"line":1126,"column":4},"end":{"line":1126,"column":null}},"325":{"start":{"line":1127,"column":4},"end":{"line":1127,"column":null}},"326":{"start":{"line":1129,"column":4},"end":{"line":1129,"column":null}},"327":{"start":{"line":1132,"column":19},"end":{"line":1132,"column":null}},"328":{"start":{"line":1133,"column":20},"end":{"line":1133,"column":null}},"329":{"start":{"line":1136,"column":22},"end":{"line":1136,"column":null}},"330":{"start":{"line":1137,"column":20},"end":{"line":1137,"column":null}},"331":{"start":{"line":1139,"column":2},"end":{"line":1184,"column":null}},"332":{"start":{"line":1140,"column":46},"end":{"line":1140,"column":70}},"333":{"start":{"line":1199,"column":13},"end":{"line":1247,"column":null}},"334":{"start":{"line":1208,"column":13},"end":{"line":1208,"column":null}},"335":{"start":{"line":1209,"column":15},"end":{"line":1209,"column":null}},"336":{"start":{"line":1210,"column":17},"end":{"line":1210,"column":null}},"337":{"start":{"line":1212,"column":4},"end":{"line":1212,"column":null}},"338":{"start":{"line":1214,"column":2},"end":{"line":1245,"column":null}},"339":{"start":{"line":1225,"column":40},"end":{"line":1225,"column":null}},"340":{"start":{"line":1255,"column":13},"end":{"line":1285,"column":null}},"341":{"start":{"line":1256,"column":15},"end":{"line":1256,"column":null}},"342":{"start":{"line":1257,"column":16},"end":{"line":1257,"column":null}},"343":{"start":{"line":1258,"column":14},"end":{"line":1258,"column":null}},"344":{"start":{"line":1259,"column":14},"end":{"line":1259,"column":null}},"345":{"start":{"line":1260,"column":8},"end":{"line":1260,"column":null}},"346":{"start":{"line":1261,"column":8},"end":{"line":1261,"column":null}},"347":{"start":{"line":1263,"column":27},"end":{"line":1278,"column":null}},"348":{"start":{"line":1280,"column":2},"end":{"line":1283,"column":null}}},"fnMap":{"0":{"name":"diamondPoints","decl":{"start":{"line":31,"column":9},"end":{"line":31,"column":23}},"loc":{"start":{"line":31,"column":55},"end":{"line":33,"column":null}},"line":31},"1":{"name":"trianglePoints","decl":{"start":{"line":35,"column":9},"end":{"line":35,"column":24}},"loc":{"start":{"line":35,"column":56},"end":{"line":37,"column":null}},"line":35},"2":{"name":"parallelogramPoints","decl":{"start":{"line":39,"column":9},"end":{"line":39,"column":29}},"loc":{"start":{"line":39,"column":61},"end":{"line":42,"column":null}},"line":39},"3":{"name":"trapezoidPoints","decl":{"start":{"line":44,"column":9},"end":{"line":44,"column":25}},"loc":{"start":{"line":44,"column":57},"end":{"line":47,"column":null}},"line":44},"4":{"name":"cloudPath","decl":{"start":{"line":50,"column":9},"end":{"line":50,"column":19}},"loc":{"start":{"line":50,"column":49},"end":{"line":59,"column":null}},"line":50},"5":{"name":"heartPath","decl":{"start":{"line":62,"column":9},"end":{"line":62,"column":19}},"loc":{"start":{"line":62,"column":49},"end":{"line":67,"column":null}},"line":62},"6":{"name":"speechBubblePath","decl":{"start":{"line":70,"column":9},"end":{"line":70,"column":26}},"loc":{"start":{"line":70,"column":56},"end":{"line":87,"column":null}},"line":70},"7":{"name":"cylinderSceneFunc","decl":{"start":{"line":90,"column":9},"end":{"line":90,"column":27}},"loc":{"start":{"line":90,"column":79},"end":{"line":105,"column":null}},"line":90},"8":{"name":"documentPath","decl":{"start":{"line":108,"column":9},"end":{"line":108,"column":22}},"loc":{"start":{"line":108,"column":52},"end":{"line":115,"column":null}},"line":108},"9":{"name":"manualInputPath","decl":{"start":{"line":118,"column":9},"end":{"line":118,"column":25}},"loc":{"start":{"line":118,"column":55},"end":{"line":121,"column":null}},"line":118},"10":{"name":"displayPath","decl":{"start":{"line":124,"column":9},"end":{"line":124,"column":21}},"loc":{"start":{"line":124,"column":51},"end":{"line":127,"column":null}},"line":124},"11":{"name":"sortPath","decl":{"start":{"line":130,"column":9},"end":{"line":130,"column":18}},"loc":{"start":{"line":130,"column":48},"end":{"line":132,"column":null}},"line":130},"12":{"name":"cardPath","decl":{"start":{"line":135,"column":9},"end":{"line":135,"column":18}},"loc":{"start":{"line":135,"column":48},"end":{"line":138,"column":null}},"line":135},"13":{"name":"delayPath","decl":{"start":{"line":141,"column":9},"end":{"line":141,"column":19}},"loc":{"start":{"line":141,"column":49},"end":{"line":144,"column":null}},"line":141},"14":{"name":"loopLimitPath","decl":{"start":{"line":147,"column":9},"end":{"line":147,"column":23}},"loc":{"start":{"line":147,"column":53},"end":{"line":150,"column":null}},"line":147},"15":{"name":"storagePath","decl":{"start":{"line":153,"column":9},"end":{"line":153,"column":21}},"loc":{"start":{"line":153,"column":51},"end":{"line":156,"column":null}},"line":153},"16":{"name":"internalStoragePath","decl":{"start":{"line":159,"column":9},"end":{"line":159,"column":29}},"loc":{"start":{"line":159,"column":59},"end":{"line":161,"column":null}},"line":159},"17":{"name":"sequentialDataPath","decl":{"start":{"line":164,"column":9},"end":{"line":164,"column":28}},"loc":{"start":{"line":164,"column":58},"end":{"line":167,"column":null}},"line":164},"18":{"name":"multiDocumentPath","decl":{"start":{"line":170,"column":9},"end":{"line":170,"column":27}},"loc":{"start":{"line":170,"column":57},"end":{"line":173,"column":null}},"line":170},"19":{"name":"manualOperationPath","decl":{"start":{"line":176,"column":9},"end":{"line":176,"column":29}},"loc":{"start":{"line":176,"column":59},"end":{"line":179,"column":null}},"line":176},"20":{"name":"preparationPath","decl":{"start":{"line":182,"column":9},"end":{"line":182,"column":25}},"loc":{"start":{"line":182,"column":55},"end":{"line":185,"column":null}},"line":182},"21":{"name":"terminatorPath","decl":{"start":{"line":188,"column":9},"end":{"line":188,"column":24}},"loc":{"start":{"line":188,"column":54},"end":{"line":191,"column":null}},"line":188},"22":{"name":"orPath","decl":{"start":{"line":194,"column":9},"end":{"line":194,"column":16}},"loc":{"start":{"line":194,"column":46},"end":{"line":199,"column":null}},"line":194},"23":{"name":"summingJunctionPath","decl":{"start":{"line":202,"column":9},"end":{"line":202,"column":29}},"loc":{"start":{"line":202,"column":59},"end":{"line":208,"column":null}},"line":202},"24":{"name":"apiPath","decl":{"start":{"line":211,"column":9},"end":{"line":211,"column":17}},"loc":{"start":{"line":211,"column":47},"end":{"line":214,"column":null}},"line":211},"25":{"name":"queuePath","decl":{"start":{"line":216,"column":9},"end":{"line":216,"column":19}},"loc":{"start":{"line":216,"column":49},"end":{"line":219,"column":null}},"line":216},"26":{"name":"functionPath","decl":{"start":{"line":221,"column":9},"end":{"line":221,"column":22}},"loc":{"start":{"line":221,"column":52},"end":{"line":224,"column":null}},"line":221},"27":{"name":"lambdaPath","decl":{"start":{"line":226,"column":9},"end":{"line":226,"column":20}},"loc":{"start":{"line":226,"column":50},"end":{"line":228,"column":null}},"line":226},"28":{"name":"serverPath","decl":{"start":{"line":230,"column":9},"end":{"line":230,"column":20}},"loc":{"start":{"line":230,"column":50},"end":{"line":234,"column":null}},"line":230},"29":{"name":"webPath","decl":{"start":{"line":236,"column":9},"end":{"line":236,"column":17}},"loc":{"start":{"line":236,"column":47},"end":{"line":241,"column":null}},"line":236},"30":{"name":"mobilePath","decl":{"start":{"line":243,"column":9},"end":{"line":243,"column":20}},"loc":{"start":{"line":243,"column":50},"end":{"line":246,"column":null}},"line":243},"31":{"name":"userPath","decl":{"start":{"line":248,"column":9},"end":{"line":248,"column":18}},"loc":{"start":{"line":248,"column":48},"end":{"line":250,"column":null}},"line":248},"32":{"name":"usersPath","decl":{"start":{"line":252,"column":9},"end":{"line":252,"column":19}},"loc":{"start":{"line":252,"column":49},"end":{"line":254,"column":null}},"line":252},"33":{"name":"gearPath","decl":{"start":{"line":256,"column":9},"end":{"line":256,"column":18}},"loc":{"start":{"line":256,"column":48},"end":{"line":275,"column":null}},"line":256},"34":{"name":"warningPath","decl":{"start":{"line":277,"column":9},"end":{"line":277,"column":21}},"loc":{"start":{"line":277,"column":51},"end":{"line":279,"column":null}},"line":277},"35":{"name":"infoPath","decl":{"start":{"line":281,"column":9},"end":{"line":281,"column":18}},"loc":{"start":{"line":281,"column":48},"end":{"line":286,"column":null}},"line":281},"36":{"name":"checkPath","decl":{"start":{"line":288,"column":9},"end":{"line":288,"column":19}},"loc":{"start":{"line":288,"column":49},"end":{"line":290,"column":null}},"line":288},"37":{"name":"crossPath","decl":{"start":{"line":292,"column":9},"end":{"line":292,"column":19}},"loc":{"start":{"line":292,"column":49},"end":{"line":294,"column":null}},"line":292},"38":{"name":"searchPath","decl":{"start":{"line":296,"column":9},"end":{"line":296,"column":20}},"loc":{"start":{"line":296,"column":50},"end":{"line":301,"column":null}},"line":296},"39":{"name":"bellPath","decl":{"start":{"line":303,"column":9},"end":{"line":303,"column":18}},"loc":{"start":{"line":303,"column":48},"end":{"line":305,"column":null}},"line":303},"40":{"name":"mailPath","decl":{"start":{"line":307,"column":9},"end":{"line":307,"column":18}},"loc":{"start":{"line":307,"column":48},"end":{"line":309,"column":null}},"line":307},"41":{"name":"clockPath","decl":{"start":{"line":311,"column":9},"end":{"line":311,"column":19}},"loc":{"start":{"line":311,"column":49},"end":{"line":316,"column":null}},"line":311},"42":{"name":"calendarPath","decl":{"start":{"line":318,"column":9},"end":{"line":318,"column":22}},"loc":{"start":{"line":318,"column":52},"end":{"line":320,"column":null}},"line":318},"43":{"name":"folderPath","decl":{"start":{"line":322,"column":9},"end":{"line":322,"column":20}},"loc":{"start":{"line":322,"column":50},"end":{"line":324,"column":null}},"line":322},"44":{"name":"filePath","decl":{"start":{"line":326,"column":9},"end":{"line":326,"column":18}},"loc":{"start":{"line":326,"column":48},"end":{"line":329,"column":null}},"line":326},"45":{"name":"imagePath","decl":{"start":{"line":331,"column":9},"end":{"line":331,"column":19}},"loc":{"start":{"line":331,"column":49},"end":{"line":333,"column":null}},"line":331},"46":{"name":"videoPath","decl":{"start":{"line":335,"column":9},"end":{"line":335,"column":19}},"loc":{"start":{"line":335,"column":49},"end":{"line":337,"column":null}},"line":335},"47":{"name":"audioPath","decl":{"start":{"line":339,"column":9},"end":{"line":339,"column":19}},"loc":{"start":{"line":339,"column":49},"end":{"line":341,"column":null}},"line":339},"48":{"name":"lockPath","decl":{"start":{"line":343,"column":9},"end":{"line":343,"column":18}},"loc":{"start":{"line":343,"column":48},"end":{"line":345,"column":null}},"line":343},"49":{"name":"keyPath","decl":{"start":{"line":347,"column":9},"end":{"line":347,"column":17}},"loc":{"start":{"line":347,"column":47},"end":{"line":350,"column":null}},"line":347},"50":{"name":"linkPath","decl":{"start":{"line":352,"column":9},"end":{"line":352,"column":18}},"loc":{"start":{"line":352,"column":48},"end":{"line":355,"column":null}},"line":352},"51":{"name":"downloadPath","decl":{"start":{"line":357,"column":9},"end":{"line":357,"column":22}},"loc":{"start":{"line":357,"column":52},"end":{"line":359,"column":null}},"line":357},"52":{"name":"uploadPath","decl":{"start":{"line":361,"column":9},"end":{"line":361,"column":20}},"loc":{"start":{"line":361,"column":50},"end":{"line":363,"column":null}},"line":361},"53":{"name":"trashPath","decl":{"start":{"line":365,"column":9},"end":{"line":365,"column":19}},"loc":{"start":{"line":365,"column":49},"end":{"line":367,"column":null}},"line":365},"54":{"name":"editPath","decl":{"start":{"line":369,"column":9},"end":{"line":369,"column":18}},"loc":{"start":{"line":369,"column":48},"end":{"line":371,"column":null}},"line":369},"55":{"name":"copyPath","decl":{"start":{"line":373,"column":9},"end":{"line":373,"column":18}},"loc":{"start":{"line":373,"column":48},"end":{"line":375,"column":null}},"line":373},"56":{"name":"filterPath","decl":{"start":{"line":377,"column":9},"end":{"line":377,"column":20}},"loc":{"start":{"line":377,"column":50},"end":{"line":379,"column":null}},"line":377},"57":{"name":"sortIconPath","decl":{"start":{"line":381,"column":9},"end":{"line":381,"column":22}},"loc":{"start":{"line":381,"column":52},"end":{"line":383,"column":null}},"line":381},"58":{"name":"chartPath","decl":{"start":{"line":385,"column":9},"end":{"line":385,"column":19}},"loc":{"start":{"line":385,"column":49},"end":{"line":387,"column":null}},"line":385},"59":{"name":"graphPath","decl":{"start":{"line":389,"column":9},"end":{"line":389,"column":19}},"loc":{"start":{"line":389,"column":49},"end":{"line":391,"column":null}},"line":389},"60":{"name":"piePath","decl":{"start":{"line":393,"column":9},"end":{"line":393,"column":17}},"loc":{"start":{"line":393,"column":47},"end":{"line":398,"column":null}},"line":393},"61":{"name":"tablePath","decl":{"start":{"line":400,"column":9},"end":{"line":400,"column":19}},"loc":{"start":{"line":400,"column":49},"end":{"line":402,"column":null}},"line":400},"62":{"name":"treePath","decl":{"start":{"line":404,"column":9},"end":{"line":404,"column":18}},"loc":{"start":{"line":404,"column":48},"end":{"line":406,"column":null}},"line":404},"63":{"name":"networkPath","decl":{"start":{"line":408,"column":9},"end":{"line":408,"column":21}},"loc":{"start":{"line":408,"column":51},"end":{"line":413,"column":null}},"line":408},"64":{"name":"routerPath","decl":{"start":{"line":415,"column":9},"end":{"line":415,"column":20}},"loc":{"start":{"line":415,"column":50},"end":{"line":417,"column":null}},"line":415},"65":{"name":"switchPath","decl":{"start":{"line":419,"column":9},"end":{"line":419,"column":20}},"loc":{"start":{"line":419,"column":50},"end":{"line":421,"column":null}},"line":419},"66":{"name":"firewallPath","decl":{"start":{"line":423,"column":9},"end":{"line":423,"column":22}},"loc":{"start":{"line":423,"column":52},"end":{"line":427,"column":null}},"line":423},"67":{"name":"cloudUploadPath","decl":{"start":{"line":429,"column":9},"end":{"line":429,"column":25}},"loc":{"start":{"line":429,"column":55},"end":{"line":431,"column":null}},"line":429},"68":{"name":"cloudDownloadPath","decl":{"start":{"line":433,"column":9},"end":{"line":433,"column":27}},"loc":{"start":{"line":433,"column":57},"end":{"line":435,"column":null}},"line":433},"69":{"name":"syncPath","decl":{"start":{"line":437,"column":9},"end":{"line":437,"column":18}},"loc":{"start":{"line":437,"column":48},"end":{"line":442,"column":null}},"line":437},"70":{"name":"refreshPath","decl":{"start":{"line":444,"column":9},"end":{"line":444,"column":21}},"loc":{"start":{"line":444,"column":51},"end":{"line":449,"column":null}},"line":444},"71":{"name":"powerPath","decl":{"start":{"line":451,"column":9},"end":{"line":451,"column":19}},"loc":{"start":{"line":451,"column":49},"end":{"line":455,"column":null}},"line":451},"72":{"name":"batteryPath","decl":{"start":{"line":457,"column":9},"end":{"line":457,"column":21}},"loc":{"start":{"line":457,"column":51},"end":{"line":459,"column":null}},"line":457},"73":{"name":"cpuPath","decl":{"start":{"line":461,"column":9},"end":{"line":461,"column":17}},"loc":{"start":{"line":461,"column":47},"end":{"line":464,"column":null}},"line":461},"74":{"name":"memoryPath","decl":{"start":{"line":466,"column":9},"end":{"line":466,"column":20}},"loc":{"start":{"line":466,"column":50},"end":{"line":468,"column":null}},"line":466},"75":{"name":"hardDrivePath","decl":{"start":{"line":470,"column":9},"end":{"line":470,"column":23}},"loc":{"start":{"line":470,"column":53},"end":{"line":472,"column":null}},"line":470},"76":{"name":"gitBranchPath","decl":{"start":{"line":474,"column":9},"end":{"line":474,"column":23}},"loc":{"start":{"line":474,"column":53},"end":{"line":477,"column":null}},"line":474},"77":{"name":"gitMergePath","decl":{"start":{"line":479,"column":9},"end":{"line":479,"column":22}},"loc":{"start":{"line":479,"column":52},"end":{"line":482,"column":null}},"line":479},"78":{"name":"gitCommitPath","decl":{"start":{"line":484,"column":9},"end":{"line":484,"column":23}},"loc":{"start":{"line":484,"column":53},"end":{"line":487,"column":null}},"line":484},"79":{"name":"dockerPath","decl":{"start":{"line":489,"column":9},"end":{"line":489,"column":20}},"loc":{"start":{"line":489,"column":50},"end":{"line":493,"column":null}},"line":489},"80":{"name":"kubernetesPath","decl":{"start":{"line":495,"column":9},"end":{"line":495,"column":24}},"loc":{"start":{"line":495,"column":54},"end":{"line":500,"column":null}},"line":495},"81":{"name":"awsPath","decl":{"start":{"line":502,"column":9},"end":{"line":502,"column":17}},"loc":{"start":{"line":502,"column":47},"end":{"line":504,"column":null}},"line":502},"82":{"name":"gcpPath","decl":{"start":{"line":506,"column":9},"end":{"line":506,"column":17}},"loc":{"start":{"line":506,"column":47},"end":{"line":511,"column":null}},"line":506},"83":{"name":"azurePath","decl":{"start":{"line":513,"column":9},"end":{"line":513,"column":19}},"loc":{"start":{"line":513,"column":49},"end":{"line":515,"column":null}},"line":513},"84":{"name":"(anonymous_84)","decl":{"start":{"line":619,"column":13},"end":{"line":619,"column":60}},"loc":{"start":{"line":627,"column":6},"end":{"line":1033,"column":null}},"line":627},"85":{"name":"(anonymous_85)","decl":{"start":{"line":643,"column":16},"end":{"line":643,"column":26}},"loc":{"start":{"line":643,"column":32},"end":{"line":643,"column":39}},"line":643},"86":{"name":"(anonymous_86)","decl":{"start":{"line":656,"column":8},"end":{"line":656,"column":28}},"loc":{"start":{"line":656,"column":28},"end":{"line":987,"column":null}},"line":656},"87":{"name":"(anonymous_87)","decl":{"start":{"line":666,"column":12},"end":{"line":666,"column":24}},"loc":{"start":{"line":666,"column":32},"end":{"line":669,"column":null}},"line":666},"88":{"name":"(anonymous_88)","decl":{"start":{"line":667,"column":42},"end":{"line":667,"column":57}},"loc":{"start":{"line":667,"column":57},"end":{"line":667,"column":130}},"line":667},"89":{"name":"(anonymous_89)","decl":{"start":{"line":687,"column":14},"end":{"line":687,"column":26}},"loc":{"start":{"line":687,"column":34},"end":{"line":690,"column":null}},"line":687},"90":{"name":"(anonymous_90)","decl":{"start":{"line":688,"column":44},"end":{"line":688,"column":59}},"loc":{"start":{"line":688,"column":59},"end":{"line":688,"column":125}},"line":688},"91":{"name":"(anonymous_91)","decl":{"start":{"line":711,"column":14},"end":{"line":711,"column":26}},"loc":{"start":{"line":711,"column":34},"end":{"line":714,"column":null}},"line":711},"92":{"name":"(anonymous_92)","decl":{"start":{"line":712,"column":44},"end":{"line":712,"column":59}},"loc":{"start":{"line":712,"column":59},"end":{"line":712,"column":122}},"line":712},"93":{"name":"(anonymous_93)","decl":{"start":{"line":733,"column":14},"end":{"line":733,"column":26}},"loc":{"start":{"line":733,"column":34},"end":{"line":736,"column":null}},"line":733},"94":{"name":"(anonymous_94)","decl":{"start":{"line":734,"column":44},"end":{"line":734,"column":59}},"loc":{"start":{"line":734,"column":59},"end":{"line":734,"column":123}},"line":734},"95":{"name":"(anonymous_95)","decl":{"start":{"line":756,"column":14},"end":{"line":756,"column":26}},"loc":{"start":{"line":756,"column":34},"end":{"line":759,"column":null}},"line":756},"96":{"name":"(anonymous_96)","decl":{"start":{"line":757,"column":44},"end":{"line":757,"column":59}},"loc":{"start":{"line":757,"column":59},"end":{"line":757,"column":188}},"line":757},"97":{"name":"(anonymous_97)","decl":{"start":{"line":778,"column":14},"end":{"line":778,"column":26}},"loc":{"start":{"line":778,"column":34},"end":{"line":781,"column":null}},"line":778},"98":{"name":"(anonymous_98)","decl":{"start":{"line":779,"column":44},"end":{"line":779,"column":59}},"loc":{"start":{"line":779,"column":59},"end":{"line":779,"column":170}},"line":779},"99":{"name":"(anonymous_99)","decl":{"start":{"line":845,"column":14},"end":{"line":845,"column":26}},"loc":{"start":{"line":845,"column":34},"end":{"line":848,"column":null}},"line":845},"100":{"name":"(anonymous_100)","decl":{"start":{"line":846,"column":44},"end":{"line":846,"column":59}},"loc":{"start":{"line":846,"column":59},"end":{"line":846,"column":188}},"line":846},"101":{"name":"(anonymous_101)","decl":{"start":{"line":867,"column":14},"end":{"line":867,"column":26}},"loc":{"start":{"line":867,"column":34},"end":{"line":870,"column":null}},"line":867},"102":{"name":"(anonymous_102)","decl":{"start":{"line":868,"column":44},"end":{"line":868,"column":59}},"loc":{"start":{"line":868,"column":59},"end":{"line":868,"column":188}},"line":868},"103":{"name":"(anonymous_103)","decl":{"start":{"line":889,"column":12},"end":{"line":889,"column":24}},"loc":{"start":{"line":889,"column":39},"end":{"line":889,"column":null}},"line":889},"104":{"name":"(anonymous_104)","decl":{"start":{"line":990,"column":8},"end":{"line":990,"column":27}},"loc":{"start":{"line":990,"column":27},"end":{"line":1014,"column":null}},"line":990},"105":{"name":"(anonymous_105)","decl":{"start":{"line":1027,"column":6},"end":{"line":1027,"column":12}},"loc":{"start":{"line":1027,"column":40},"end":{"line":1027,"column":null}},"line":1027},"106":{"name":"(anonymous_106)","decl":{"start":{"line":1043,"column":13},"end":{"line":1043,"column":66}},"loc":{"start":{"line":1047,"column":6},"end":{"line":1085,"column":null}},"line":1047},"107":{"name":"(anonymous_107)","decl":{"start":{"line":1048,"column":16},"end":{"line":1048,"column":26}},"loc":{"start":{"line":1048,"column":32},"end":{"line":1048,"column":39}},"line":1048},"108":{"name":"(anonymous_108)","decl":{"start":{"line":1059,"column":8},"end":{"line":1059,"column":14}},"loc":{"start":{"line":1059,"column":42},"end":{"line":1059,"column":null}},"line":1059},"109":{"name":"(anonymous_109)","decl":{"start":{"line":1067,"column":36},"end":{"line":1067,"column":45}},"loc":{"start":{"line":1067,"column":51},"end":{"line":1067,"column":52}},"line":1067},"110":{"name":"(anonymous_110)","decl":{"start":{"line":1080,"column":6},"end":{"line":1080,"column":12}},"loc":{"start":{"line":1080,"column":40},"end":{"line":1080,"column":null}},"line":1080},"111":{"name":"(anonymous_111)","decl":{"start":{"line":1095,"column":13},"end":{"line":1095,"column":68}},"loc":{"start":{"line":1099,"column":6},"end":{"line":1186,"column":null}},"line":1099},"112":{"name":"(anonymous_112)","decl":{"start":{"line":1100,"column":16},"end":{"line":1100,"column":26}},"loc":{"start":{"line":1100,"column":32},"end":{"line":1100,"column":39}},"line":1100},"113":{"name":"(anonymous_113)","decl":{"start":{"line":1101,"column":19},"end":{"line":1101,"column":29}},"loc":{"start":{"line":1101,"column":35},"end":{"line":1101,"column":45}},"line":1101},"114":{"name":"(anonymous_114)","decl":{"start":{"line":1108,"column":27},"end":{"line":1108,"column":32}},"loc":{"start":{"line":1108,"column":37},"end":{"line":1108,"column":73}},"line":1108},"115":{"name":"(anonymous_115)","decl":{"start":{"line":1109,"column":27},"end":{"line":1109,"column":32}},"loc":{"start":{"line":1109,"column":37},"end":{"line":1109,"column":73}},"line":1109},"116":{"name":"(anonymous_116)","decl":{"start":{"line":1140,"column":11},"end":{"line":1140,"column":17}},"loc":{"start":{"line":1140,"column":46},"end":{"line":1140,"column":70}},"line":1140},"117":{"name":"(anonymous_117)","decl":{"start":{"line":1199,"column":13},"end":{"line":1199,"column":72}},"loc":{"start":{"line":1207,"column":6},"end":{"line":1247,"column":null}},"line":1207},"118":{"name":"(anonymous_118)","decl":{"start":{"line":1225,"column":6},"end":{"line":1225,"column":12}},"loc":{"start":{"line":1225,"column":40},"end":{"line":1225,"column":null}},"line":1225},"119":{"name":"(anonymous_119)","decl":{"start":{"line":1255,"column":13},"end":{"line":1255,"column":62}},"loc":{"start":{"line":1255,"column":91},"end":{"line":1285,"column":null}},"line":1255}},"branchMap":{"0":{"loc":{"start":{"line":268,"column":4},"end":{"line":268,"column":null}},"type":"if","locations":[{"start":{"line":268,"column":4},"end":{"line":268,"column":null}},{"start":{},"end":{}}],"line":268},"1":{"loc":{"start":{"line":645,"column":24},"end":{"line":645,"column":null}},"type":"cond-expr","locations":[{"start":{"line":645,"column":70},"end":{"line":645,"column":83}},{"start":{"line":645,"column":83},"end":{"line":645,"column":null}}],"line":645},"2":{"loc":{"start":{"line":645,"column":24},"end":{"line":645,"column":70}},"type":"binary-expr","locations":[{"start":{"line":645,"column":24},"end":{"line":645,"column":35}},{"start":{"line":645,"column":35},"end":{"line":645,"column":59}},{"start":{"line":645,"column":59},"end":{"line":645,"column":70}}],"line":645},"3":{"loc":{"start":{"line":645,"column":83},"end":{"line":645,"column":null}},"type":"binary-expr","locations":[{"start":{"line":645,"column":83},"end":{"line":645,"column":93}},{"start":{"line":645,"column":93},"end":{"line":645,"column":null}}],"line":645},"4":{"loc":{"start":{"line":648,"column":10},"end":{"line":648,"column":null}},"type":"binary-expr","locations":[{"start":{"line":648,"column":10},"end":{"line":648,"column":18}},{"start":{"line":648,"column":18},"end":{"line":648,"column":null}}],"line":648},"5":{"loc":{"start":{"line":650,"column":17},"end":{"line":650,"column":null}},"type":"binary-expr","locations":[{"start":{"line":650,"column":17},"end":{"line":650,"column":32}},{"start":{"line":650,"column":32},"end":{"line":650,"column":null}}],"line":650},"6":{"loc":{"start":{"line":651,"column":13},"end":{"line":651,"column":null}},"type":"binary-expr","locations":[{"start":{"line":651,"column":13},"end":{"line":651,"column":24}},{"start":{"line":651,"column":24},"end":{"line":651,"column":null}}],"line":651},"7":{"loc":{"start":{"line":657,"column":4},"end":{"line":657,"column":null}},"type":"if","locations":[{"start":{"line":657,"column":4},"end":{"line":657,"column":null}},{"start":{},"end":{}}],"line":657},"8":{"loc":{"start":{"line":661,"column":4},"end":{"line":680,"column":null}},"type":"if","locations":[{"start":{"line":661,"column":4},"end":{"line":680,"column":null}},{"start":{},"end":{}}],"line":661},"9":{"loc":{"start":{"line":663,"column":6},"end":{"line":673,"column":null}},"type":"if","locations":[{"start":{"line":663,"column":6},"end":{"line":673,"column":null}},{"start":{},"end":{}}],"line":663},"10":{"loc":{"start":{"line":663,"column":10},"end":{"line":663,"column":54}},"type":"binary-expr","locations":[{"start":{"line":663,"column":10},"end":{"line":663,"column":31}},{"start":{"line":663,"column":31},"end":{"line":663,"column":54}}],"line":663},"11":{"loc":{"start":{"line":668,"column":14},"end":{"line":668,"column":null}},"type":"if","locations":[{"start":{"line":668,"column":14},"end":{"line":668,"column":null}},{"start":{},"end":{}}],"line":668},"12":{"loc":{"start":{"line":682,"column":4},"end":{"line":986,"column":null}},"type":"switch","locations":[{"start":{"line":683,"column":6},"end":{"line":703,"column":null}},{"start":{"line":706,"column":6},"end":{"line":727,"column":null}},{"start":{"line":729,"column":6},"end":{"line":748,"column":null}},{"start":{"line":751,"column":6},"end":{"line":771,"column":null}},{"start":{"line":773,"column":6},"end":{"line":793,"column":null}},{"start":{"line":795,"column":6},"end":{"line":803,"column":null}},{"start":{"line":806,"column":6},"end":{"line":814,"column":null}},{"start":{"line":817,"column":6},"end":{"line":825,"column":null}},{"start":{"line":828,"column":6},"end":{"line":837,"column":null}},{"start":{"line":840,"column":6},"end":{"line":860,"column":null}},{"start":{"line":862,"column":6},"end":{"line":882,"column":null}},{"start":{"line":884,"column":6},"end":{"line":884,"column":null}},{"start":{"line":885,"column":6},"end":{"line":885,"column":null}},{"start":{"line":886,"column":6},"end":{"line":891,"column":null}},{"start":{"line":894,"column":6},"end":{"line":894,"column":null}},{"start":{"line":895,"column":6},"end":{"line":902,"column":null}},{"start":{"line":905,"column":6},"end":{"line":912,"column":null}},{"start":{"line":915,"column":6},"end":{"line":922,"column":null}},{"start":{"line":925,"column":6},"end":{"line":932,"column":null}},{"start":{"line":935,"column":6},"end":{"line":940,"column":null}},{"start":{"line":944,"column":6},"end":{"line":953,"column":null}},{"start":{"line":956,"column":6},"end":{"line":962,"column":null}},{"start":{"line":965,"column":6},"end":{"line":971,"column":null}},{"start":{"line":974,"column":6},"end":{"line":984,"column":null}}],"line":682},"13":{"loc":{"start":{"line":684,"column":8},"end":{"line":694,"column":null}},"type":"if","locations":[{"start":{"line":684,"column":8},"end":{"line":694,"column":null}},{"start":{},"end":{}}],"line":684},"14":{"loc":{"start":{"line":684,"column":12},"end":{"line":684,"column":56}},"type":"binary-expr","locations":[{"start":{"line":684,"column":12},"end":{"line":684,"column":33}},{"start":{"line":684,"column":33},"end":{"line":684,"column":56}}],"line":684},"15":{"loc":{"start":{"line":689,"column":16},"end":{"line":689,"column":null}},"type":"if","locations":[{"start":{"line":689,"column":16},"end":{"line":689,"column":null}},{"start":{},"end":{}}],"line":689},"16":{"loc":{"start":{"line":701,"column":26},"end":{"line":701,"column":null}},"type":"binary-expr","locations":[{"start":{"line":701,"column":26},"end":{"line":701,"column":42}},{"start":{"line":701,"column":42},"end":{"line":701,"column":null}}],"line":701},"17":{"loc":{"start":{"line":708,"column":8},"end":{"line":718,"column":null}},"type":"if","locations":[{"start":{"line":708,"column":8},"end":{"line":718,"column":null}},{"start":{},"end":{}}],"line":708},"18":{"loc":{"start":{"line":708,"column":12},"end":{"line":708,"column":56}},"type":"binary-expr","locations":[{"start":{"line":708,"column":12},"end":{"line":708,"column":33}},{"start":{"line":708,"column":33},"end":{"line":708,"column":56}}],"line":708},"19":{"loc":{"start":{"line":713,"column":16},"end":{"line":713,"column":null}},"type":"if","locations":[{"start":{"line":713,"column":16},"end":{"line":713,"column":null}},{"start":{},"end":{}}],"line":713},"20":{"loc":{"start":{"line":730,"column":8},"end":{"line":740,"column":null}},"type":"if","locations":[{"start":{"line":730,"column":8},"end":{"line":740,"column":null}},{"start":{},"end":{}}],"line":730},"21":{"loc":{"start":{"line":730,"column":12},"end":{"line":730,"column":56}},"type":"binary-expr","locations":[{"start":{"line":730,"column":12},"end":{"line":730,"column":33}},{"start":{"line":730,"column":33},"end":{"line":730,"column":56}}],"line":730},"22":{"loc":{"start":{"line":735,"column":16},"end":{"line":735,"column":null}},"type":"if","locations":[{"start":{"line":735,"column":16},"end":{"line":735,"column":null}},{"start":{},"end":{}}],"line":735},"23":{"loc":{"start":{"line":753,"column":8},"end":{"line":763,"column":null}},"type":"if","locations":[{"start":{"line":753,"column":8},"end":{"line":763,"column":null}},{"start":{},"end":{}}],"line":753},"24":{"loc":{"start":{"line":753,"column":12},"end":{"line":753,"column":56}},"type":"binary-expr","locations":[{"start":{"line":753,"column":12},"end":{"line":753,"column":33}},{"start":{"line":753,"column":33},"end":{"line":753,"column":56}}],"line":753},"25":{"loc":{"start":{"line":758,"column":16},"end":{"line":758,"column":null}},"type":"if","locations":[{"start":{"line":758,"column":16},"end":{"line":758,"column":null}},{"start":{},"end":{}}],"line":758},"26":{"loc":{"start":{"line":775,"column":8},"end":{"line":785,"column":null}},"type":"if","locations":[{"start":{"line":775,"column":8},"end":{"line":785,"column":null}},{"start":{},"end":{}}],"line":775},"27":{"loc":{"start":{"line":775,"column":12},"end":{"line":775,"column":56}},"type":"binary-expr","locations":[{"start":{"line":775,"column":12},"end":{"line":775,"column":33}},{"start":{"line":775,"column":33},"end":{"line":775,"column":56}}],"line":775},"28":{"loc":{"start":{"line":780,"column":16},"end":{"line":780,"column":null}},"type":"if","locations":[{"start":{"line":780,"column":16},"end":{"line":780,"column":null}},{"start":{},"end":{}}],"line":780},"29":{"loc":{"start":{"line":842,"column":8},"end":{"line":852,"column":null}},"type":"if","locations":[{"start":{"line":842,"column":8},"end":{"line":852,"column":null}},{"start":{},"end":{}}],"line":842},"30":{"loc":{"start":{"line":842,"column":12},"end":{"line":842,"column":56}},"type":"binary-expr","locations":[{"start":{"line":842,"column":12},"end":{"line":842,"column":33}},{"start":{"line":842,"column":33},"end":{"line":842,"column":56}}],"line":842},"31":{"loc":{"start":{"line":847,"column":16},"end":{"line":847,"column":null}},"type":"if","locations":[{"start":{"line":847,"column":16},"end":{"line":847,"column":null}},{"start":{},"end":{}}],"line":847},"32":{"loc":{"start":{"line":864,"column":8},"end":{"line":874,"column":null}},"type":"if","locations":[{"start":{"line":864,"column":8},"end":{"line":874,"column":null}},{"start":{},"end":{}}],"line":864},"33":{"loc":{"start":{"line":864,"column":12},"end":{"line":864,"column":56}},"type":"binary-expr","locations":[{"start":{"line":864,"column":12},"end":{"line":864,"column":33}},{"start":{"line":864,"column":33},"end":{"line":864,"column":56}}],"line":864},"34":{"loc":{"start":{"line":869,"column":16},"end":{"line":869,"column":null}},"type":"if","locations":[{"start":{"line":869,"column":16},"end":{"line":869,"column":null}},{"start":{},"end":{}}],"line":869},"35":{"loc":{"start":{"line":982,"column":26},"end":{"line":982,"column":null}},"type":"binary-expr","locations":[{"start":{"line":982,"column":26},"end":{"line":982,"column":42}},{"start":{"line":982,"column":42},"end":{"line":982,"column":null}}],"line":982},"36":{"loc":{"start":{"line":991,"column":4},"end":{"line":991,"column":null}},"type":"if","locations":[{"start":{"line":991,"column":4},"end":{"line":991,"column":null}},{"start":{},"end":{}}],"line":991},"37":{"loc":{"start":{"line":995,"column":25},"end":{"line":995,"column":null}},"type":"cond-expr","locations":[{"start":{"line":995,"column":42},"end":{"line":995,"column":58}},{"start":{"line":995,"column":58},"end":{"line":995,"column":null}}],"line":995},"38":{"loc":{"start":{"line":995,"column":25},"end":{"line":995,"column":42}},"type":"binary-expr","locations":[{"start":{"line":995,"column":25},"end":{"line":995,"column":33}},{"start":{"line":995,"column":33},"end":{"line":995,"column":42}}],"line":995},"39":{"loc":{"start":{"line":995,"column":58},"end":{"line":995,"column":null}},"type":"cond-expr","locations":[{"start":{"line":995,"column":65},"end":{"line":995,"column":74}},{"start":{"line":995,"column":74},"end":{"line":995,"column":null}}],"line":995},"40":{"loc":{"start":{"line":995,"column":74},"end":{"line":995,"column":null}},"type":"cond-expr","locations":[{"start":{"line":995,"column":83},"end":{"line":995,"column":94}},{"start":{"line":995,"column":94},"end":{"line":995,"column":null}}],"line":995},"41":{"loc":{"start":{"line":1003,"column":18},"end":{"line":1003,"column":null}},"type":"binary-expr","locations":[{"start":{"line":1003,"column":18},"end":{"line":1003,"column":34}},{"start":{"line":1003,"column":34},"end":{"line":1003,"column":null}}],"line":1003},"42":{"loc":{"start":{"line":1005,"column":14},"end":{"line":1005,"column":null}},"type":"binary-expr","locations":[{"start":{"line":1005,"column":14},"end":{"line":1005,"column":27}},{"start":{"line":1005,"column":27},"end":{"line":1005,"column":null}}],"line":1005},"43":{"loc":{"start":{"line":1006,"column":15},"end":{"line":1006,"column":null}},"type":"binary-expr","locations":[{"start":{"line":1006,"column":15},"end":{"line":1006,"column":32}},{"start":{"line":1006,"column":32},"end":{"line":1006,"column":null}}],"line":1006},"44":{"loc":{"start":{"line":1008,"column":20},"end":{"line":1008,"column":null}},"type":"binary-expr","locations":[{"start":{"line":1008,"column":20},"end":{"line":1008,"column":38}},{"start":{"line":1008,"column":38},"end":{"line":1008,"column":null}}],"line":1008},"45":{"loc":{"start":{"line":1020,"column":16},"end":{"line":1020,"column":null}},"type":"binary-expr","locations":[{"start":{"line":1020,"column":16},"end":{"line":1020,"column":28}},{"start":{"line":1020,"column":28},"end":{"line":1020,"column":null}}],"line":1020},"46":{"loc":{"start":{"line":1022,"column":17},"end":{"line":1022,"column":null}},"type":"binary-expr","locations":[{"start":{"line":1022,"column":17},"end":{"line":1022,"column":31}},{"start":{"line":1022,"column":31},"end":{"line":1022,"column":null}}],"line":1022},"47":{"loc":{"start":{"line":1049,"column":24},"end":{"line":1049,"column":null}},"type":"cond-expr","locations":[{"start":{"line":1049,"column":96},"end":{"line":1049,"column":109}},{"start":{"line":1049,"column":109},"end":{"line":1049,"column":null}}],"line":1049},"48":{"loc":{"start":{"line":1049,"column":24},"end":{"line":1049,"column":96}},"type":"binary-expr","locations":[{"start":{"line":1049,"column":24},"end":{"line":1049,"column":45}},{"start":{"line":1049,"column":45},"end":{"line":1049,"column":77}},{"start":{"line":1049,"column":77},"end":{"line":1049,"column":96}}],"line":1049},"49":{"loc":{"start":{"line":1049,"column":109},"end":{"line":1049,"column":null}},"type":"binary-expr","locations":[{"start":{"line":1049,"column":109},"end":{"line":1049,"column":127}},{"start":{"line":1049,"column":127},"end":{"line":1049,"column":null}}],"line":1049},"50":{"loc":{"start":{"line":1050,"column":2},"end":{"line":1050,"column":null}},"type":"if","locations":[{"start":{"line":1050,"column":2},"end":{"line":1050,"column":null}},{"start":{},"end":{}}],"line":1050},"51":{"loc":{"start":{"line":1050,"column":6},"end":{"line":1050,"column":52}},"type":"binary-expr","locations":[{"start":{"line":1050,"column":6},"end":{"line":1050,"column":25}},{"start":{"line":1050,"column":25},"end":{"line":1050,"column":52}}],"line":1050},"52":{"loc":{"start":{"line":1052,"column":2},"end":{"line":1064,"column":null}},"type":"if","locations":[{"start":{"line":1052,"column":2},"end":{"line":1064,"column":null}},{"start":{},"end":{}}],"line":1052},"53":{"loc":{"start":{"line":1052,"column":6},"end":{"line":1052,"column":50}},"type":"binary-expr","locations":[{"start":{"line":1052,"column":6},"end":{"line":1052,"column":27}},{"start":{"line":1052,"column":27},"end":{"line":1052,"column":50}}],"line":1052},"54":{"loc":{"start":{"line":1055,"column":49},"end":{"line":1055,"column":73}},"type":"binary-expr","locations":[{"start":{"line":1055,"column":49},"end":{"line":1055,"column":72}},{"start":{"line":1055,"column":72},"end":{"line":1055,"column":73}}],"line":1055},"55":{"loc":{"start":{"line":1056,"column":14},"end":{"line":1056,"column":null}},"type":"binary-expr","locations":[{"start":{"line":1056,"column":14},"end":{"line":1056,"column":32}},{"start":{"line":1056,"column":32},"end":{"line":1056,"column":null}}],"line":1056},"56":{"loc":{"start":{"line":1057,"column":17},"end":{"line":1057,"column":null}},"type":"binary-expr","locations":[{"start":{"line":1057,"column":17},"end":{"line":1057,"column":36}},{"start":{"line":1057,"column":36},"end":{"line":1057,"column":null}}],"line":1057},"57":{"loc":{"start":{"line":1074,"column":19},"end":{"line":1074,"column":null}},"type":"binary-expr","locations":[{"start":{"line":1074,"column":19},"end":{"line":1074,"column":42}},{"start":{"line":1074,"column":42},"end":{"line":1074,"column":null}}],"line":1074},"58":{"loc":{"start":{"line":1078,"column":15},"end":{"line":1078,"column":null}},"type":"binary-expr","locations":[{"start":{"line":1078,"column":15},"end":{"line":1078,"column":34}},{"start":{"line":1078,"column":34},"end":{"line":1078,"column":null}}],"line":1078},"59":{"loc":{"start":{"line":1102,"column":24},"end":{"line":1102,"column":null}},"type":"cond-expr","locations":[{"start":{"line":1102,"column":96},"end":{"line":1102,"column":109}},{"start":{"line":1102,"column":109},"end":{"line":1102,"column":null}}],"line":1102},"60":{"loc":{"start":{"line":1102,"column":24},"end":{"line":1102,"column":96}},"type":"binary-expr","locations":[{"start":{"line":1102,"column":24},"end":{"line":1102,"column":45}},{"start":{"line":1102,"column":45},"end":{"line":1102,"column":77}},{"start":{"line":1102,"column":77},"end":{"line":1102,"column":96}}],"line":1102},"61":{"loc":{"start":{"line":1102,"column":109},"end":{"line":1102,"column":null}},"type":"binary-expr","locations":[{"start":{"line":1102,"column":109},"end":{"line":1102,"column":127}},{"start":{"line":1102,"column":127},"end":{"line":1102,"column":null}}],"line":1102},"62":{"loc":{"start":{"line":1107,"column":2},"end":{"line":1130,"column":null}},"type":"if","locations":[{"start":{"line":1107,"column":2},"end":{"line":1130,"column":null}},{"start":{"line":1125,"column":9},"end":{"line":1130,"column":null}}],"line":1107},"63":{"loc":{"start":{"line":1111,"column":4},"end":{"line":1115,"column":null}},"type":"if","locations":[{"start":{"line":1111,"column":4},"end":{"line":1115,"column":null}},{"start":{},"end":{}}],"line":1111},"64":{"loc":{"start":{"line":1113,"column":19},"end":{"line":1113,"column":null}},"type":"binary-expr","locations":[{"start":{"line":1113,"column":19},"end":{"line":1113,"column":62}},{"start":{"line":1113,"column":62},"end":{"line":1113,"column":null}}],"line":1113},"65":{"loc":{"start":{"line":1114,"column":11},"end":{"line":1114,"column":null}},"type":"binary-expr","locations":[{"start":{"line":1114,"column":11},"end":{"line":1114,"column":27}},{"start":{"line":1114,"column":27},"end":{"line":1114,"column":null}}],"line":1114},"66":{"loc":{"start":{"line":1117,"column":4},"end":{"line":1124,"column":null}},"type":"if","locations":[{"start":{"line":1117,"column":4},"end":{"line":1124,"column":null}},{"start":{"line":1121,"column":11},"end":{"line":1124,"column":null}}],"line":1117},"67":{"loc":{"start":{"line":1119,"column":19},"end":{"line":1119,"column":null}},"type":"binary-expr","locations":[{"start":{"line":1119,"column":19},"end":{"line":1119,"column":62}},{"start":{"line":1119,"column":62},"end":{"line":1119,"column":null}}],"line":1119},"68":{"loc":{"start":{"line":1120,"column":11},"end":{"line":1120,"column":null}},"type":"binary-expr","locations":[{"start":{"line":1120,"column":11},"end":{"line":1120,"column":27}},{"start":{"line":1120,"column":27},"end":{"line":1120,"column":null}}],"line":1120},"69":{"loc":{"start":{"line":1121,"column":11},"end":{"line":1124,"column":null}},"type":"if","locations":[{"start":{"line":1121,"column":11},"end":{"line":1124,"column":null}},{"start":{},"end":{}}],"line":1121},"70":{"loc":{"start":{"line":1121,"column":15},"end":{"line":1121,"column":61}},"type":"binary-expr","locations":[{"start":{"line":1121,"column":15},"end":{"line":1121,"column":33}},{"start":{"line":1121,"column":33},"end":{"line":1121,"column":61}}],"line":1121},"71":{"loc":{"start":{"line":1125,"column":9},"end":{"line":1130,"column":null}},"type":"if","locations":[{"start":{"line":1125,"column":9},"end":{"line":1130,"column":null}},{"start":{"line":1128,"column":9},"end":{"line":1130,"column":null}}],"line":1125},"72":{"loc":{"start":{"line":1125,"column":13},"end":{"line":1125,"column":59}},"type":"binary-expr","locations":[{"start":{"line":1125,"column":13},"end":{"line":1125,"column":31}},{"start":{"line":1125,"column":31},"end":{"line":1125,"column":59}}],"line":1125},"73":{"loc":{"start":{"line":1133,"column":20},"end":{"line":1133,"column":null}},"type":"cond-expr","locations":[{"start":{"line":1133,"column":66},"end":{"line":1133,"column":75}},{"start":{"line":1133,"column":75},"end":{"line":1133,"column":null}}],"line":1133},"74":{"loc":{"start":{"line":1133,"column":75},"end":{"line":1133,"column":null}},"type":"cond-expr","locations":[{"start":{"line":1133,"column":121},"end":{"line":1133,"column":130}},{"start":{"line":1133,"column":130},"end":{"line":1133,"column":null}}],"line":1133},"75":{"loc":{"start":{"line":1141,"column":7},"end":{"line":1164,"column":null}},"type":"cond-expr","locations":[{"start":{"line":1142,"column":8},"end":{"line":1152,"column":9}},{"start":{"line":1152,"column":8},"end":{"line":1164,"column":null}}],"line":1141},"76":{"loc":{"start":{"line":1145,"column":23},"end":{"line":1145,"column":null}},"type":"binary-expr","locations":[{"start":{"line":1145,"column":23},"end":{"line":1145,"column":46}},{"start":{"line":1145,"column":46},"end":{"line":1145,"column":null}}],"line":1145},"77":{"loc":{"start":{"line":1146,"column":16},"end":{"line":1146,"column":null}},"type":"binary-expr","locations":[{"start":{"line":1146,"column":16},"end":{"line":1146,"column":29}},{"start":{"line":1146,"column":29},"end":{"line":1146,"column":null}}],"line":1146},"78":{"loc":{"start":{"line":1147,"column":19},"end":{"line":1147,"column":null}},"type":"binary-expr","locations":[{"start":{"line":1147,"column":19},"end":{"line":1147,"column":38}},{"start":{"line":1147,"column":38},"end":{"line":1147,"column":null}}],"line":1147},"79":{"loc":{"start":{"line":1155,"column":23},"end":{"line":1155,"column":null}},"type":"binary-expr","locations":[{"start":{"line":1155,"column":23},"end":{"line":1155,"column":46}},{"start":{"line":1155,"column":46},"end":{"line":1155,"column":null}}],"line":1155},"80":{"loc":{"start":{"line":1157,"column":16},"end":{"line":1157,"column":null}},"type":"binary-expr","locations":[{"start":{"line":1157,"column":16},"end":{"line":1157,"column":29}},{"start":{"line":1157,"column":29},"end":{"line":1157,"column":null}}],"line":1157},"81":{"loc":{"start":{"line":1158,"column":19},"end":{"line":1158,"column":null}},"type":"binary-expr","locations":[{"start":{"line":1158,"column":19},"end":{"line":1158,"column":38}},{"start":{"line":1158,"column":38},"end":{"line":1158,"column":null}}],"line":1158},"82":{"loc":{"start":{"line":1160,"column":25},"end":{"line":1160,"column":null}},"type":"cond-expr","locations":[{"start":{"line":1160,"column":49},"end":{"line":1160,"column":54}},{"start":{"line":1160,"column":54},"end":{"line":1160,"column":null}}],"line":1160},"83":{"loc":{"start":{"line":1161,"column":24},"end":{"line":1161,"column":null}},"type":"cond-expr","locations":[{"start":{"line":1161,"column":48},"end":{"line":1161,"column":53}},{"start":{"line":1161,"column":53},"end":{"line":1161,"column":null}}],"line":1161},"84":{"loc":{"start":{"line":1168,"column":7},"end":{"line":1176,"column":null}},"type":"binary-expr","locations":[{"start":{"line":1168,"column":7},"end":{"line":1168,"column":19}},{"start":{"line":1168,"column":19},"end":{"line":1168,"column":null}},{"start":{"line":1169,"column":9},"end":{"line":1176,"column":null}}],"line":1168},"85":{"loc":{"start":{"line":1172,"column":24},"end":{"line":1172,"column":null}},"type":"binary-expr","locations":[{"start":{"line":1172,"column":24},"end":{"line":1172,"column":47}},{"start":{"line":1172,"column":47},"end":{"line":1172,"column":null}}],"line":1172},"86":{"loc":{"start":{"line":1178,"column":7},"end":{"line":1179,"column":null}},"type":"binary-expr","locations":[{"start":{"line":1178,"column":7},"end":{"line":1178,"column":null}},{"start":{"line":1179,"column":8},"end":{"line":1179,"column":null}}],"line":1178},"87":{"loc":{"start":{"line":1181,"column":7},"end":{"line":1182,"column":null}},"type":"binary-expr","locations":[{"start":{"line":1181,"column":7},"end":{"line":1181,"column":null}},{"start":{"line":1182,"column":8},"end":{"line":1182,"column":null}}],"line":1181},"88":{"loc":{"start":{"line":1212,"column":4},"end":{"line":1212,"column":null}},"type":"cond-expr","locations":[{"start":{"line":1212,"column":21},"end":{"line":1212,"column":37}},{"start":{"line":1212,"column":37},"end":{"line":1212,"column":null}}],"line":1212},"89":{"loc":{"start":{"line":1212,"column":4},"end":{"line":1212,"column":21}},"type":"binary-expr","locations":[{"start":{"line":1212,"column":4},"end":{"line":1212,"column":12}},{"start":{"line":1212,"column":12},"end":{"line":1212,"column":21}}],"line":1212},"90":{"loc":{"start":{"line":1212,"column":37},"end":{"line":1212,"column":null}},"type":"cond-expr","locations":[{"start":{"line":1212,"column":44},"end":{"line":1212,"column":53}},{"start":{"line":1212,"column":53},"end":{"line":1212,"column":null}}],"line":1212},"91":{"loc":{"start":{"line":1212,"column":53},"end":{"line":1212,"column":null}},"type":"cond-expr","locations":[{"start":{"line":1212,"column":62},"end":{"line":1212,"column":73}},{"start":{"line":1212,"column":73},"end":{"line":1212,"column":null}}],"line":1212},"92":{"loc":{"start":{"line":1218,"column":16},"end":{"line":1218,"column":null}},"type":"binary-expr","locations":[{"start":{"line":1218,"column":16},"end":{"line":1218,"column":36}},{"start":{"line":1218,"column":36},"end":{"line":1218,"column":null}}],"line":1218},"93":{"loc":{"start":{"line":1220,"column":17},"end":{"line":1220,"column":null}},"type":"binary-expr","locations":[{"start":{"line":1220,"column":17},"end":{"line":1220,"column":30}},{"start":{"line":1220,"column":30},"end":{"line":1220,"column":null}}],"line":1220},"94":{"loc":{"start":{"line":1232,"column":14},"end":{"line":1232,"column":null}},"type":"binary-expr","locations":[{"start":{"line":1232,"column":14},"end":{"line":1232,"column":30}},{"start":{"line":1232,"column":30},"end":{"line":1232,"column":null}}],"line":1232},"95":{"loc":{"start":{"line":1233,"column":18},"end":{"line":1233,"column":null}},"type":"binary-expr","locations":[{"start":{"line":1233,"column":18},"end":{"line":1233,"column":34}},{"start":{"line":1233,"column":34},"end":{"line":1233,"column":null}}],"line":1233},"96":{"loc":{"start":{"line":1235,"column":14},"end":{"line":1235,"column":null}},"type":"binary-expr","locations":[{"start":{"line":1235,"column":14},"end":{"line":1235,"column":27}},{"start":{"line":1235,"column":27},"end":{"line":1235,"column":null}}],"line":1235},"97":{"loc":{"start":{"line":1236,"column":15},"end":{"line":1236,"column":null}},"type":"binary-expr","locations":[{"start":{"line":1236,"column":15},"end":{"line":1236,"column":32}},{"start":{"line":1236,"column":32},"end":{"line":1236,"column":null}}],"line":1236},"98":{"loc":{"start":{"line":1238,"column":20},"end":{"line":1238,"column":null}},"type":"binary-expr","locations":[{"start":{"line":1238,"column":20},"end":{"line":1238,"column":38}},{"start":{"line":1238,"column":38},"end":{"line":1238,"column":null}}],"line":1238},"99":{"loc":{"start":{"line":1239,"column":17},"end":{"line":1239,"column":null}},"type":"binary-expr","locations":[{"start":{"line":1239,"column":17},"end":{"line":1239,"column":36}},{"start":{"line":1239,"column":36},"end":{"line":1239,"column":null}}],"line":1239},"100":{"loc":{"start":{"line":1241,"column":24},"end":{"line":1241,"column":null}},"type":"cond-expr","locations":[{"start":{"line":1241,"column":56},"end":{"line":1241,"column":68}},{"start":{"line":1241,"column":68},"end":{"line":1241,"column":null}}],"line":1241},"101":{"loc":{"start":{"line":1242,"column":20},"end":{"line":1242,"column":null}},"type":"binary-expr","locations":[{"start":{"line":1242,"column":20},"end":{"line":1242,"column":38}},{"start":{"line":1242,"column":38},"end":{"line":1242,"column":null}}],"line":1242},"102":{"loc":{"start":{"line":1255,"column":75},"end":{"line":1255,"column":91}},"type":"default-arg","locations":[{"start":{"line":1255,"column":82},"end":{"line":1255,"column":91}}],"line":1255}},"s":{"0":6,"1":3,"2":6,"3":6,"4":3,"5":3,"6":9,"7":9,"8":3,"9":3,"10":3,"11":3,"12":3,"13":0,"14":0,"15":0,"16":0,"17":0,"18":0,"19":0,"20":0,"21":0,"22":0,"23":0,"24":0,"25":3,"26":3,"27":3,"28":3,"29":3,"30":3,"31":3,"32":3,"33":3,"34":3,"35":3,"36":3,"37":3,"38":3,"39":3,"40":3,"41":3,"42":3,"43":3,"44":3,"45":3,"46":3,"47":3,"48":3,"49":3,"50":3,"51":3,"52":3,"53":3,"54":3,"55":3,"56":3,"57":3,"58":3,"59":3,"60":3,"61":3,"62":3,"63":3,"64":3,"65":3,"66":3,"67":3,"68":3,"69":3,"70":3,"71":3,"72":3,"73":3,"74":3,"75":3,"76":3,"77":3,"78":3,"79":3,"80":3,"81":3,"82":3,"83":3,"84":24,"85":24,"86":24,"87":24,"88":24,"89":24,"90":3,"91":24,"92":24,"93":24,"94":3,"95":3,"96":3,"97":3,"98":3,"99":3,"100":3,"101":3,"102":3,"103":3,"104":3,"105":3,"106":3,"107":3,"108":3,"109":3,"110":3,"111":3,"112":3,"113":3,"114":3,"115":3,"116":3,"117":3,"118":3,"119":3,"120":3,"121":3,"122":3,"123":3,"124":3,"125":3,"126":3,"127":3,"128":3,"129":3,"130":3,"131":3,"132":3,"133":3,"134":3,"135":3,"136":3,"137":3,"138":3,"139":3,"140":3,"141":3,"142":3,"143":3,"144":3,"145":3,"146":3,"147":3,"148":3,"149":3,"150":3,"151":3,"152":3,"153":3,"154":3,"155":3,"156":3,"157":3,"158":3,"159":3,"160":3,"161":3,"162":3,"163":3,"164":3,"165":3,"166":3,"167":3,"168":3,"169":3,"170":3,"171":3,"172":3,"173":3,"174":3,"175":3,"176":3,"177":3,"178":3,"179":3,"180":3,"181":3,"182":3,"183":3,"184":3,"185":3,"186":1,"187":1,"188":306,"189":306,"190":1122,"191":306,"192":306,"193":306,"194":306,"195":306,"196":0,"197":306,"198":306,"199":237,"200":237,"201":0,"202":0,"203":0,"204":0,"205":0,"206":237,"207":69,"208":3,"209":0,"210":0,"211":0,"212":0,"213":0,"214":3,"215":3,"216":3,"217":0,"218":0,"219":0,"220":0,"221":0,"222":3,"223":3,"224":0,"225":0,"226":0,"227":0,"228":0,"229":3,"230":3,"231":3,"232":0,"233":0,"234":0,"235":0,"236":0,"237":3,"238":3,"239":3,"240":0,"241":0,"242":0,"243":0,"244":0,"245":3,"246":3,"247":3,"248":3,"249":3,"250":3,"251":3,"252":0,"253":0,"254":0,"255":0,"256":0,"257":3,"258":3,"259":3,"260":0,"261":0,"262":0,"263":0,"264":0,"265":3,"266":9,"267":0,"268":6,"269":3,"270":3,"271":3,"272":3,"273":3,"274":3,"275":3,"276":0,"277":306,"278":306,"279":306,"280":0,"281":0,"282":306,"283":306,"284":306,"285":306,"286":0,"287":1,"288":0,"289":0,"290":0,"291":0,"292":0,"293":0,"294":0,"295":0,"296":0,"297":0,"298":0,"299":0,"300":1,"301":0,"302":0,"303":0,"304":0,"305":0,"306":0,"307":0,"308":0,"309":0,"310":0,"311":0,"312":0,"313":0,"314":0,"315":0,"316":0,"317":0,"318":0,"319":0,"320":0,"321":0,"322":0,"323":0,"324":0,"325":0,"326":0,"327":0,"328":0,"329":0,"330":0,"331":0,"332":0,"333":1,"334":0,"335":0,"336":0,"337":0,"338":0,"339":0,"340":1,"341":0,"342":0,"343":0,"344":0,"345":0,"346":0,"347":0,"348":0},"f":{"0":6,"1":3,"2":6,"3":3,"4":9,"5":3,"6":3,"7":0,"8":3,"9":3,"10":3,"11":3,"12":3,"13":3,"14":3,"15":3,"16":3,"17":3,"18":3,"19":3,"20":3,"21":3,"22":3,"23":3,"24":3,"25":3,"26":3,"27":3,"28":3,"29":3,"30":3,"31":3,"32":3,"33":3,"34":3,"35":3,"36":3,"37":3,"38":3,"39":3,"40":3,"41":3,"42":3,"43":3,"44":3,"45":3,"46":3,"47":3,"48":3,"49":3,"50":3,"51":3,"52":3,"53":3,"54":3,"55":3,"56":3,"57":3,"58":3,"59":3,"60":3,"61":3,"62":3,"63":3,"64":3,"65":3,"66":3,"67":3,"68":3,"69":3,"70":3,"71":3,"72":3,"73":3,"74":3,"75":3,"76":3,"77":3,"78":3,"79":3,"80":3,"81":3,"82":3,"83":3,"84":306,"85":1122,"86":306,"87":0,"88":0,"89":0,"90":0,"91":0,"92":0,"93":0,"94":0,"95":0,"96":0,"97":0,"98":0,"99":0,"100":0,"101":0,"102":0,"103":0,"104":306,"105":0,"106":0,"107":0,"108":0,"109":0,"110":0,"111":0,"112":0,"113":0,"114":0,"115":0,"116":0,"117":0,"118":0,"119":0},"b":{"0":[3,21],"1":[0,306],"2":[306,306,306],"3":[306,0],"4":[306,0],"5":[306,0],"6":[306,306],"7":[0,306],"8":[237,69],"9":[0,237],"10":[237,0],"11":[0,0],"12":[3,3,3,3,3,3,3,3,3,3,3,3,6,9,3,6,3,3,3,3,3,3,3,0],"13":[0,3],"14":[3,0],"15":[0,0],"16":[3,3],"17":[0,3],"18":[3,0],"19":[0,0],"20":[0,3],"21":[3,0],"22":[0,0],"23":[0,3],"24":[3,0],"25":[0,0],"26":[0,3],"27":[3,0],"28":[0,0],"29":[0,3],"30":[3,0],"31":[0,0],"32":[0,3],"33":[3,0],"34":[0,0],"35":[0,0],"36":[306,0],"37":[0,0],"38":[306,0],"39":[0,0],"40":[0,0],"41":[306,0],"42":[306,0],"43":[306,0],"44":[306,0],"45":[306,306],"46":[306,306],"47":[0,0],"48":[0,0,0],"49":[0,0],"50":[0,0],"51":[0,0],"52":[0,0],"53":[0,0],"
[...]
"line":33},"2":{"name":"getCurvedPath","decl":{"start":{"line":38,"column":16},"end":{"line":38,"column":30}},"loc":{"start":{"line":38,"column":64},"end":{"line":99,"column":null}},"line":38}},"branchMap":{"0":{"loc":{"start":{"line":50,"column":4},"end":{"line":52,"column":null}},"type":"cond-expr","locations":[{"start":{"line":51,"column":8},"end":{"line":51,"column":null}},{"start":{"line":52,"column":8},"end":{"line":52,"column":null}}],"line":50},"1":{"loc":{"start":{"line":56,"column":2},"end":{"line":77,"column":null}},"type":"if","locations":[{"start":{"line":56,"column":2},"end":{"line":77,"column":null}},{"start":{"line":58,"column":7},"end":{"line":77,"column":null}}],"line":56},"2":{"loc":{"start":{"line":58,"column":7},"end":{"line":77,"column":null}},"type":"if","locations":[{"start":{"line":58,"column":7},"end":{"line":77,"column":null}},{"start":{"line":60,"column":7},"end":{"line":77,"column":null}}],"line":58},"3":{"loc":{"start":{"line":60,"column":7},"end":{"line":77,"column":null}},"type":"if","locations":[{"start":{"line":60,"column":7},"end":{"line":77,"column":null}},{"start":{"line":62,"column":7},"end":{"line":77,"column":null}}],"line":60},"4":{"loc":{"start":{"line":62,"column":7},"end":{"line":77,"column":null}},"type":"if","locations":[{"start":{"line":62,"column":7},"end":{"line":77,"column":null}},{"start":{"line":65,"column":7},"end":{"line":77,"column":null}}],"line":62},"5":{"loc":{"start":{"line":65,"column":7},"end":{"line":77,"column":null}},"type":"if","locations":[{"start":{"line":65,"column":7},"end":{"line":77,"column":null}},{"start":{"line":68,"column":9},"end":{"line":77,"column":null}}],"line":65},"6":{"loc":{"start":{"line":68,"column":9},"end":{"line":77,"column":null}},"type":"if","locations":[{"start":{"line":68,"column":9},"end":{"line":77,"column":null}},{"start":{"line":71,"column":9},"end":{"line":77,"column":null}}],"line":68},"7":{"loc":{"start":{"line":71,"column":9},"end":{"line":77,"column":null}},"type":"if","locations":[{"start":{"line":71,"column":9},"end":{"line":77,"column":null}},{"start":{"line":74,"column":9},"end":{"line":77,"column":null}}],"line":71},"8":{"loc":{"start":{"line":74,"column":9},"end":{"line":77,"column":null}},"type":"if","locations":[{"start":{"line":74,"column":9},"end":{"line":77,"column":null}},{"start":{},"end":{}}],"line":74},"9":{"loc":{"start":{"line":80,"column":2},"end":{"line":96,"column":null}},"type":"if","locations":[{"start":{"line":80,"column":2},"end":{"line":96,"column":null}},{"start":{"line":81,"column":7},"end":{"line":96,"column":null}}],"line":80},"10":{"loc":{"start":{"line":81,"column":7},"end":{"line":96,"column":null}},"type":"if","locations":[{"start":{"line":81,"column":7},"end":{"line":96,"column":null}},{"start":{"line":82,"column":7},"end":{"line":96,"column":null}}],"line":81},"11":{"loc":{"start":{"line":82,"column":7},"end":{"line":96,"column":null}},"type":"if","locations":[{"start":{"line":82,"column":7},"end":{"line":96,"column":null}},{"start":{"line":83,"column":7},"end":{"line":96,"column":null}}],"line":82},"12":{"loc":{"start":{"line":83,"column":7},"end":{"line":96,"column":null}},"type":"if","locations":[{"start":{"line":83,"column":7},"end":{"line":96,"column":null}},{"start":{"line":84,"column":7},"end":{"line":96,"column":null}}],"line":83},"13":{"loc":{"start":{"line":84,"column":7},"end":{"line":96,"column":null}},"type":"if","locations":[{"start":{"line":84,"column":7},"end":{"line":96,"column":null}},{"start":{"line":87,"column":9},"end":{"line":96,"column":null}}],"line":84},"14":{"loc":{"start":{"line":87,"column":9},"end":{"line":96,"column":null}},"type":"if","locations":[{"start":{"line":87,"column":9},"end":{"line":96,"column":null}},{"start":{"line":90,"column":9},"end":{"line":96,"column":null}}],"line":87},"15":{"loc":{"start":{"line":90,"column":9},"end":{"line":96,"column":null}},"type":"if","locations":[{"start":{"line":90,"column":9},"end":{"line":96,"column":null}},{"start":{"line":93,"column":9},"end":{"line":96,"column":null}}],"line":90},"16":{"loc":{"start":{"line":93,"column":9},"end":{"line":96,"column":null}},"type":"if","locations":[{"start":{"line":93,"column":9},"end":{"line":96,"column":null}},{"start":{},"end":{}}],"line":93}},"s":{"0":0,"1":0,"2":0,"3":0,"4":0,"5":0,"6":0,"7":0,"8":0,"9":0,"10":0,"11":0,"12":0,"13":0,"14":0,"15":0,"16":0,"17":0,"18":0,"19":0,"20":0,"21":0,"22":0,"23":0,"24":0,"25":0,"26":0,"27":0,"28":0,"29":0,"30":0,"31":0,"32":0,"33":0,"34":0,"35":0,"36":0,"37":0,"38":0,"39":0,"40":0,"41":0,"42":0,"43":0,"44":0,"45":0,"46":0,"47":0,"48":0,"49":0,"50":0,"51":0},"f":{"0":0,"1":0,"2":0},"b":{"0":[0,0],"1":[0,0],"2":[0,0],"3":[0,0],"4":[0,0],"5":[0,0],"6":[0,0],"7":[0,0],"8":[0,0],"9":[0,0],"10":[0,0],"11":[0,0],"12":[0,0],"13":[0,0],"14":[0,0],"15":[0,0],"16":[0,0]},"meta":{"lastBranch":17,"lastFunction":3,"lastStatement":52,"seen":{"f:9:16:9:36":0,"s:14:34:14:Infinity":0,"s:16:26:25:Infinity":1,"s:27:2:27:Infinity":2,"f:30:16:30:Infinity":1,"s:34:2:34:Infinity":3,"f:38:16:38:30":2,"s:40:13:40:Infinity":4,"s:41:13:41:Infinity":5,"s:44:18:44:Infinity":6,"s:45:14:45:Infinity":7,"s:46:14:46:Infinity":8,"s:50:4:52:Infinity":9,"b:51:8:51:Infinity:52:8:52:Infinity":0,"s:53:18:53:Infinity":10,"b:56:2:77:Infinity:58:7:77:Infinity":1,"s:56:2:77:Infinity":11,"s:57:4:57:Infinity":12,"b:58:7:77:Infinity:60:7:77:Infinity":2,"s:58:7:77:Infinity":13,"s:59:4:59:Infinity":14,"b:60:7:77:Infinity:62:7:77:Infinity":3,"s:60:7:77:Infinity":15,"s:61:4:61:Infinity":16,"b:62:7:77:Infinity:65:7:77:Infinity":4,"s:62:7:77:Infinity":17,"s:63:4:63:Infinity":18,"b:65:7:77:Infinity:68:9:77:Infinity":5,"s:65:7:77:Infinity":19,"s:66:4:66:Infinity":20,"s:67:4:67:Infinity":21,"b:68:9:77:Infinity:71:9:77:Infinity":6,"s:68:9:77:Infinity":22,"s:69:4:69:Infinity":23,"s:70:4:70:Infinity":24,"b:71:9:77:Infinity:74:9:77:Infinity":7,"s:71:9:77:Infinity":25,"s:72:4:72:Infinity":26,"s:73:4:73:Infinity":27,"b:74:9:77:Infinity:undefined:undefined:undefined:undefined":8,"s:74:9:77:Infinity":28,"s:75:4:75:Infinity":29,"s:76:4:76:Infinity":30,"b:80:2:96:Infinity:81:7:96:Infinity":9,"s:80:2:96:Infinity":31,"s:80:22:80:Infinity":32,"b:81:7:96:Infinity:82:7:96:Infinity":10,"s:81:7:96:Infinity":33,"s:81:27:81:Infinity":34,"b:82:7:96:Infinity:83:7:96:Infinity":11,"s:82:7:96:Infinity":35,"s:82:27:82:Infinity":36,"b:83:7:96:Infinity:84:7:96:Infinity":12,"s:83:7:96:Infinity":37,"s:83:27:83:Infinity":38,"b:84:7:96:Infinity:87:9:96:Infinity":13,"s:84:7:96:Infinity":39,"s:85:4:85:Infinity":40,"s:86:4:86:Infinity":41,"b:87:9:96:Infinity:90:9:96:Infinity":14,"s:87:9:96:Infinity":42,"s:88:4:88:Infinity":43,"s:89:4:89:Infinity":44,"b:90:9:96:Infinity:93:9:96:Infinity":15,"s:90:9:96:Infinity":45,"s:91:4:91:Infinity":46,"s:92:4:92:Infinity":47,"b:93:9:96:Infinity:undefined:undefined:undefined:undefined":16,"s:93:9:96:Infinity":48,"s:94:4:94:Infinity":49,"s:95:4:95:Infinity":50,"s:98:2:98:Infinity":51},"fnNames":{}}}
,"/Users/solondas/Desktop/Projects/unified-draw/src/utils/roughHelper.ts": {"path":"/Users/solondas/Desktop/Projects/unified-draw/src/utils/roughHelper.ts","statementMap":{"0":{"start":{"line":7,"column":18},"end":{"line":7,"column":null}},"1":{"start":{"line":8,"column":19},"end":{"line":8,"column":null}},"2":{"start":{"line":11,"column":2},"end":{"line":13,"column":null}},"3":{"start":{"line":12,"column":4},"end":{"line":12,"column":null}},"4":{"start":{"line":14,"column":12},"end":{"line":14,"column":null}},"5":{"start":{"line":15,"column":2},"end":{"line":15,"column":null}},"6":{"start":{"line":16,"column":2},"end":{"line":16,"column":null}},"7":{"start":{"line":25,"column":2},"end":{"line":51,"column":null}},"8":{"start":{"line":26,"column":4},"end":{"line":26,"column":null}},"9":{"start":{"line":27,"column":4},"end":{"line":39,"column":null}},"10":{"start":{"line":28,"column":6},"end":{"line":38,"column":null}},"11":{"start":{"line":30,"column":10},"end":{"line":30,"column":null}},"12":{"start":{"line":31,"column":10},"end":{"line":31,"column":null}},"13":{"start":{"line":33,"column":10},"end":{"line":33,"column":null}},"14":{"start":{"line":34,"column":10},"end":{"line":34,"column":null}},"15":{"start":{"line":36,"column":10},"end":{"line":36,"column":null}},"16":{"start":{"line":37,"column":10},"end":{"line":37,"column":null}},"17":{"start":{"line":41,"column":4},"end":{"line":50,"column":null}},"18":{"start":{"line":42,"column":6},"end":{"line":42,"column":null}},"19":{"start":{"line":43,"column":6},"end":{"line":47,"column":null}},"20":{"start":{"line":44,"column":8},"end":{"line":44,"column":null}},"21":{"start":{"line":46,"column":8},"end":{"line":46,"column":null}},"22":{"start":{"line":49,"column":6},"end":{"line":49,"column":null}},"23":{"start":{"line":58,"column":23},"end":{"line":58,"column":null}},"24":{"start":{"line":59,"column":2},"end":{"line":62,"column":null}},"25":{"start":{"line":60,"column":4},"end":{"line":60,"column":null}},"26":{"start":{"line":61,"column":4},"end":{"line":61,"column":null}},"27":{"start":{"line":63,"column":2},"end":{"line":63,"column":null}},"28":{"start":{"line":70,"column":23},"end":{"line":70,"column":null}},"29":{"start":{"line":71,"column":2},"end":{"line":74,"column":null}},"30":{"start":{"line":72,"column":4},"end":{"line":72,"column":null}},"31":{"start":{"line":73,"column":4},"end":{"line":73,"column":null}},"32":{"start":{"line":75,"column":2},"end":{"line":75,"column":null}},"33":{"start":{"line":82,"column":2},"end":{"line":82,"column":null}},"34":{"start":{"line":82,"column":25},"end":{"line":82,"column":null}},"35":{"start":{"line":83,"column":23},"end":{"line":83,"column":null}},"36":{"start":{"line":84,"column":2},"end":{"line":87,"column":null}},"37":{"start":{"line":85,"column":4},"end":{"line":85,"column":null}},"38":{"start":{"line":86,"column":4},"end":{"line":86,"column":null}},"39":{"start":{"line":88,"column":2},"end":{"line":90,"column":null}},"40":{"start":{"line":97,"column":2},"end":{"line":97,"column":null}},"41":{"start":{"line":104,"column":23},"end":{"line":104,"column":null}},"42":{"start":{"line":105,"column":2},"end":{"line":108,"column":null}},"43":{"start":{"line":106,"column":4},"end":{"line":106,"column":null}},"44":{"start":{"line":107,"column":4},"end":{"line":107,"column":null}},"45":{"start":{"line":109,"column":2},"end":{"line":109,"column":null}},"46":{"start":{"line":120,"column":23},"end":{"line":125,"column":null}},"47":{"start":{"line":127,"column":2},"end":{"line":127,"column":null}},"48":{"start":{"line":127,"column":28},"end":{"line":127,"column":null}},"49":{"start":{"line":129,"column":12},"end":{"line":136,"column":null}},"50":{"start":{"line":131,"column":23},"end":{"line":131,"column":null}},"51":{"start":{"line":132,"column":6},"end":{"line":132,"column":null}},"52":{"start":{"line":133,"column":6},"end":{"line":133,"column":null}},"53":{"start":{"line":138,"column":2},"end":{"line":138,"column":null}},"54":{"start":{"line":139,"column":2},"end":{"line":139,"column":null}}},"fnMap":{"0":{"name":"getCachedDrawable","decl":{"start":{"line":10,"column":16},"end":{"line":10,"column":34}},"loc":{"start":{"line":10,"column":101},"end":{"line":17,"column":null}},"line":10},"1":{"name":"drawDrawable","decl":{"start":{"line":24,"column":16},"end":{"line":24,"column":29}},"loc":{"start":{"line":24,"column":69},"end":{"line":52,"column":null}},"line":24},"2":{"name":"getRoughRectangleDrawable","decl":{"start":{"line":57,"column":16},"end":{"line":57,"column":42}},"loc":{"start":{"line":57,"column":108},"end":{"line":64,"column":null}},"line":57},"3":{"name":"getRoughEllipseDrawable","decl":{"start":{"line":69,"column":16},"end":{"line":69,"column":40}},"loc":{"start":{"line":69,"column":106},"end":{"line":76,"column":null}},"line":69},"4":{"name":"getRoughPolygonDrawable","decl":{"start":{"line":81,"column":16},"end":{"line":81,"column":40}},"loc":{"start":{"line":81,"column":135},"end":{"line":91,"column":null}},"line":81},"5":{"name":"getRoughLineDrawable","decl":{"start":{"line":96,"column":16},"end":{"line":96,"column":37}},"loc":{"start":{"line":96,"column":114},"end":{"line":98,"column":null}},"line":96},"6":{"name":"getRoughPathDrawable","decl":{"start":{"line":103,"column":16},"end":{"line":103,"column":37}},"loc":{"start":{"line":103,"column":122},"end":{"line":110,"column":null}},"line":103},"7":{"name":"getFreehandSvgPath","decl":{"start":{"line":116,"column":16},"end":{"line":116,"column":null}},"loc":{"start":{"line":119,"column":10},"end":{"line":140,"column":null}},"line":119},"8":{"name":"(anonymous_8)","decl":{"start":{"line":129,"column":25},"end":{"line":129,"column":null}},"loc":{"start":{"line":130,"column":31},"end":{"line":134,"column":null}},"line":130}},"branchMap":{"0":{"loc":{"start":{"line":11,"column":2},"end":{"line":13,"column":null}},"type":"if","locations":[{"start":{"line":11,"column":2},"end":{"line":13,"column":null}},{"start":{},"end":{}}],"line":11},"1":{"loc":{"start":{"line":28,"column":6},"end":{"line":38,"column":null}},"type":"switch","locations":[{"start":{"line":29,"column":8},"end":{"line":31,"column":null}},{"start":{"line":32,"column":8},"end":{"line":34,"column":null}},{"start":{"line":35,"column":8},"end":{"line":37,"column":null}}],"line":28},"2":{"loc":{"start":{"line":41,"column":4},"end":{"line":50,"column":null}},"type":"if","locations":[{"start":{"line":41,"column":4},"end":{"line":50,"column":null}},{"start":{"line":48,"column":11},"end":{"line":50,"column":null}}],"line":41},"3":{"loc":{"start":{"line":41,"column":8},"end":{"line":41,"column":62}},"type":"binary-expr","locations":[{"start":{"line":41,"column":8},"end":{"line":41,"column":35}},{"start":{"line":41,"column":35},"end":{"line":41,"column":62}}],"line":41},"4":{"loc":{"start":{"line":43,"column":6},"end":{"line":47,"column":null}},"type":"if","locations":[{"start":{"line":43,"column":6},"end":{"line":47,"column":null}},{"start":{"line":45,"column":13},"end":{"line":47,"column":null}}],"line":43},"5":{"loc":{"start":{"line":59,"column":2},"end":{"line":62,"column":null}},"type":"if","locations":[{"start":{"line":59,"column":2},"end":{"line":62,"column":null}},{"start":{},"end":{}}],"line":59},"6":{"loc":{"start":{"line":59,"column":6},"end":{"line":59,"column":38}},"type":"binary-expr","locations":[{"start":{"line":59,"column":6},"end":{"line":59,"column":14}},{"start":{"line":59,"column":14},"end":{"line":59,"column":38}}],"line":59},"7":{"loc":{"start":{"line":71,"column":2},"end":{"line":74,"column":null}},"type":"if","locations":[{"start":{"line":71,"column":2},"end":{"line":74,"column":null}},{"start":{},"end":{}}],"line":71},"8":{"loc":{"start":{"line":71,"column":6},"end":{"line":71,"column":38}},"type":"binary-expr","locations":[{"start":{"line":71,"column":6},"end":{"line":71,"column":14}},{"start":{"line":71,"column":14},"end":{"line":71,"column":38}}],"line":71},"9":{"loc":{"start":{"line":81,"column":87},"end":{"line":81,"column":103}},"type":"default-arg","locations":[{"start":{"line":81,"column":96},"end":{"line":81,"column":103}}],"line":81},"10":{"loc":{"start":{"line":82,"column":2},"end":{"line":82,"column":null}},"type":"if","locations":[{"start":{"line":82,"column":2},"end":{"line":82,"column":null}},{"start":{},"end":{}}],"line":82},"11":{"loc":{"start":{"line":84,"column":2},"end":{"line":87,"column":null}},"type":"if","locations":[{"start":{"line":84,"column":2},"end":{"line":87,"column":null}},{"start":{},"end":{}}],"line":84},"12":{"loc":{"start":{"line":84,"column":6},"end":{"line":84,"column":48}},"type":"binary-expr","locations":[{"start":{"line":84,"column":6},"end":{"line":84,"column":14}},{"start":{"line":84,"column":14},"end":{"line":84,"column":40}},{"start":{"line":84,"column":40},"end":{"line":84,"column":48}}],"line":84},"13":{"loc":{"start":{"line":88,"column":9},"end":{"line":90,"column":null}},"type":"cond-expr","locations":[{"start":{"line":89,"column":6},"end":{"line":89,"column":null}},{"start":{"line":90,"column":6},"end":{"line":90,"column":null}}],"line":88},"14":{"loc":{"start":{"line":105,"column":2},"end":{"line":108,"column":null}},"type":"if","locations":[{"start":{"line":105,"column":2},"end":{"line":108,"column":null}},{"start":{},"end":{}}],"line":105},"15":{"loc":{"start":{"line":105,"column":6},"end":{"line":105,"column":38}},"type":"binary-expr","locations":[{"start":{"line":105,"column":6},"end":{"line":105,"column":14}},{"start":{"line":105,"column":14},"end":{"line":105,"column":38}}],"line":105},"16":{"loc":{"start":{"line":118,"column":2},"end":{"line":118,"column":null}},"type":"default-arg","locations":[{"start":{"line":118,"column":24},"end":{"line":118,"column":null}}],"line":118},"17":{"loc":{"start":{"line":127,"column":2},"end":{"line":127,"column":null}},"type":"if","locations":[{"start":{"line":127,"column":2},"end":{"line":127,"column":null}},{"start":{},"end":{}}],"line":127}},"s":{"0":1,"1":1,"2":0,"3":0,"4":0,"5":0,"6":0,"7":0,"8":0,"9":0,"10":0,"11":0,"12":0,"13":0,"14":0,"15":0,"16":0,"17":0,"18":0,"19":0,"20":0,"21":0,"22":0,"23":0,"24":0,"25":0,"26":0,"27":0,"28":0,"29":0,"30":0,"31":0,"32":0,"33":0,"34":0,"35":0,"36":0,"37":0,"38":0,"39":0,"40":0,"41":0,"42":0,"43":0,"44":0,"45":0,"46":0,"47":0,"48":0,"49":0,"50":0,"51":0,"52":0,"53":0,"54":0},"f":{"0":0,"1":0,"2":0,"3":0,"4":0,"5":0,"6":0,"7":0,"8":0},"b":{"0":[0,0],"1":[0,0,0],"2":[0,0],"3":[0,0],"4":[0,0],"5":[0,0],"6":[0,0],"7":[0,0],"8":[0,0],"9":[0],"10":[0,0],"11":[0,0],"12":[0,0,0],"13":[0,0],"14":[0,0],"15":[0,0],"16":[0],"17":[0,0]},"meta":{"lastBranch":18,"lastFunction":9,"lastStatement":55,"seen":{"s:7:18:7:Infinity":0,"s:8:19:8:Infinity":1,"f:10:16:10:34":0,"b:11:2:13:Infinity:undefined:undefined:undefined:undefined":0,"s:11:2:13:Infinity":2,"s:12:4:12:Infinity":3,"s:14:12:14:Infinity":4,"s:15:2:15:Infinity":5,"s:16:2:16:Infinity":6,"f:24:16:24:29":1,"s:25:2:51:Infinity":7,"s:26:4:26:Infinity":8,"s:27:4:39:Infinity":9,"b:29:8:31:Infinity:32:8:34:Infinity:35:8:37:Infinity":1,"s:28:6:38:Infinity":10,"s:30:10:30:Infinity":11,"s:31:10:31:Infinity":12,"s:33:10:33:Infinity":13,"s:34:10:34:Infinity":14,"s:36:10:36:Infinity":15,"s:37:10:37:Infinity":16,"b:41:4:50:Infinity:48:11:50:Infinity":2,"s:41:4:50:Infinity":17,"b:41:8:41:35:41:35:41:62":3,"s:42:6:42:Infinity":18,"b:43:6:47:Infinity:45:13:47:Infinity":4,"s:43:6:47:Infinity":19,"s:44:8:44:Infinity":20,"s:46:8:46:Infinity":21,"s:49:6:49:Infinity":22,"f:57:16:57:42":2,"s:58:23:58:Infinity":23,"b:59:2:62:Infinity:undefined:undefined:undefined:undefined":5,"s:59:2:62:Infinity":24,"b:59:6:59:14:59:14:59:38":6,"s:60:4:60:Infinity":25,"s:61:4:61:Infinity":26,"s:63:2:63:Infinity":27,"f:69:16:69:40":3,"s:70:23:70:Infinity":28,"b:71:2:74:Infinity:undefined:undefined:undefined:undefined":7,"s:71:2:74:Infinity":29,"b:71:6:71:14:71:14:71:38":8,"s:72:4:72:Infinity":30,"s:73:4:73:Infinity":31,"s:75:2:75:Infinity":32,"f:81:16:81:40":4,"b:81:96:81:103":9,"b:82:2:82:Infinity:undefined:undefined:undefined:undefined":10,"s:82:2:82:Infinity":33,"s:82:25:82:Infinity":34,"s:83:23:83:Infinity":35,"b:84:2:87:Infinity:undefined:undefined:undefined:undefined":11,"s:84:2:87:Infinity":36,"b:84:6:84:14:84:14:84:40:84:40:84:48":12,"s:85:4:85:Infinity":37,"s:86:4:86:Infinity":38,"s:88:2:90:Infinity":39,"b:89:6:89:Infinity:90:6:90:Infinity":13,"f:96:16:96:37":5,"s:97:2:97:Infinity":40,"f:103:16:103:37":6,"s:104:23:104:Infinity":41,"b:105:2:108:Infinity:undefined:undefined:undefined:undefined":14,"s:105:2:108:Infinity":42,"b:105:6:105:14:105:14:105:38":15,"s:106:4:106:Infinity":43,"s:107:4:107:Infinity":44,"s:109:2:109:Infinity":45,"f:116:16:116:Infinity":7,"b:118:24:118:Infinity":16,"s:120:23:125:Infinity":46,"b:127:2:127:Infinity:undefined:undefined:undefined:undefined":17,"s:127:2:127:Infinity":47,"s:127:28:127:Infinity":48,"s:129:12:136:Infinity":49,"f:129:25:129:Infinity":8,"s:131:23:131:Infinity":50,"s:132:6:132:Infinity":51,"s:133:6:133:Infinity":52,"s:138:2:138:Infinity":53,"s:139:2:139:Infinity":54},"fnNames":{}}}
}
